This is pdfTeX, Version 3.14159265-2.6-1.40.18 (MiKTeX 2.9.6500 64-bit) (preloaded format=pdflatex 2018.2.2)  22 FEB 2018 10:30
entering extended mode
**./beamer_enciso_171206.tex
(beamer_enciso_171206.tex
LaTeX2e <2017-04-15>
Babel <3.16> and hyphenation patterns for 75 language(s) loaded.
("C:\Users\EQUIPO 1\AppData\Roaming\MiKTeX\2.9\tex\latex\beamer\beamer.cls"
Document Class: beamer 2018/01/27 v3.49 A class for typesetting presentations

("C:\Users\EQUIPO 1\AppData\Roaming\MiKTeX\2.9\tex\latex\beamer\beamerbasemodes
.sty"
("C:\Users\EQUIPO 1\AppData\Roaming\MiKTeX\2.9\tex\latex\etoolbox\etoolbox.sty"
Package: etoolbox 2017/11/22 v2.5 e-TeX tools for LaTeX (JAW)
\etb@tempcnta=\count79
)
\beamer@tempbox=\box26
\beamer@tempcount=\count80
\c@beamerpauses=\count81

("C:\Users\EQUIPO 1\AppData\Roaming\MiKTeX\2.9\tex\latex\beamer\beamerbasedecod
e.sty"
\beamer@slideinframe=\count82
\beamer@minimum=\count83
)
\beamer@commentbox=\box27
\beamer@modecount=\count84
) ("C:\Program Files\MiKTeX 2.9\tex\generic\oberdiek\ifpdf.sty"
Package: ifpdf 2017/03/15 v3.2 Provides the ifpdf switch
)
\headdp=\dimen102
\footheight=\dimen103
\sidebarheight=\dimen104
\beamer@tempdim=\dimen105
\beamer@finalheight=\dimen106
\beamer@animht=\dimen107
\beamer@animdp=\dimen108
\beamer@animwd=\dimen109
\beamer@leftmargin=\dimen110
\beamer@rightmargin=\dimen111
\beamer@leftsidebar=\dimen112
\beamer@rightsidebar=\dimen113
\beamer@boxsize=\dimen114
\beamer@vboxoffset=\dimen115
\beamer@descdefault=\dimen116
\beamer@descriptionwidth=\dimen117
\beamer@lastskip=\skip41
\beamer@areabox=\box28
\beamer@animcurrent=\box29
\beamer@animshowbox=\box30
\beamer@sectionbox=\box31
\beamer@logobox=\box32
\beamer@linebox=\box33
\beamer@sectioncount=\count85
\beamer@subsubsectionmax=\count86
\beamer@subsectionmax=\count87
\beamer@sectionmax=\count88
\beamer@totalheads=\count89
\beamer@headcounter=\count90
\beamer@partstartpage=\count91
\beamer@sectionstartpage=\count92
\beamer@subsectionstartpage=\count93
\beamer@animationtempa=\count94
\beamer@animationtempb=\count95
\beamer@xpos=\count96
\beamer@ypos=\count97
\beamer@ypos@offset=\count98
\beamer@showpartnumber=\count99
\beamer@currentsubsection=\count100
\beamer@coveringdepth=\count101
\beamer@sectionadjust=\count102
\beamer@tocsectionnumber=\count103

("C:\Users\EQUIPO 1\AppData\Roaming\MiKTeX\2.9\tex\latex\beamer\beamerbaseoptio
ns.sty" ("C:\Program Files\MiKTeX 2.9\tex\latex\graphics\keyval.sty"
Package: keyval 2014/10/28 v1.15 key=value parser (DPC)
\KV@toks@=\toks14
))
\beamer@paperwidth=\skip42
\beamer@paperheight=\skip43

("C:\Program Files\MiKTeX 2.9\tex\latex\geometry\geometry.sty"
Package: geometry 2010/09/12 v5.6 Page Geometry

("C:\Program Files\MiKTeX 2.9\tex\generic\oberdiek\ifvtex.sty"
Package: ifvtex 2016/05/16 v1.6 Detect VTeX and its facilities (HO)
Package ifvtex Info: VTeX not detected.
)
("C:\Program Files\MiKTeX 2.9\tex\generic\ifxetex\ifxetex.sty"
Package: ifxetex 2010/09/12 v0.6 Provides ifxetex conditional
)
\Gm@cnth=\count104
\Gm@cntv=\count105
\c@Gm@tempcnt=\count106
\Gm@bindingoffset=\dimen118
\Gm@wd@mp=\dimen119
\Gm@odd@mp=\dimen120
\Gm@even@mp=\dimen121
\Gm@layoutwidth=\dimen122
\Gm@layoutheight=\dimen123
\Gm@layouthoffset=\dimen124
\Gm@layoutvoffset=\dimen125
\Gm@dimlist=\toks15

("C:\Program Files\MiKTeX 2.9\tex\latex\geometry\geometry.cfg"))

Class beamer Warning: ``serif'' is obsolete. Use font theme ``serif'' instead o
n input line 335.


Class beamer Warning: ``mathserif'' is obsolete. Use font theme ``serif'' with 
option ``onlymath'' on input line 335.


Class beamer Warning: ``professionalfont'' is obsolete. Use font theme ``profes
sionalfonts'' instead on input line 335.

("C:\Program Files\MiKTeX 2.9\tex\latex\base\size11.clo"
File: size11.clo 2014/09/29 v1.4h Standard LaTeX file (size option)
)
("C:\Users\EQUIPO 1\AppData\Roaming\MiKTeX\2.9\tex\latex\pgf\basiclayer\pgfcore
.sty" ("C:\Program Files\MiKTeX 2.9\tex\latex\graphics\graphicx.sty"
Package: graphicx 2017/06/01 v1.1a Enhanced LaTeX Graphics (DPC,SPQR)

("C:\Program Files\MiKTeX 2.9\tex\latex\graphics\graphics.sty"
Package: graphics 2017/06/25 v1.2c Standard LaTeX Graphics (DPC,SPQR)

("C:\Program Files\MiKTeX 2.9\tex\latex\graphics\trig.sty"
Package: trig 2016/01/03 v1.10 sin cos tan (DPC)
)
("C:\Program Files\MiKTeX 2.9\tex\latex\graphics-cfg\graphics.cfg"
File: graphics.cfg 2016/06/04 v1.11 sample graphics configuration
)
Package graphics Info: Driver file: pdftex.def on input line 99.

("C:\Program Files\MiKTeX 2.9\tex\latex\graphics-def\pdftex.def"
File: pdftex.def 2018/01/08 v1.0l Graphics/color driver for pdftex
))
\Gin@req@height=\dimen126
\Gin@req@width=\dimen127
)
("C:\Users\EQUIPO 1\AppData\Roaming\MiKTeX\2.9\tex\latex\pgf\systemlayer\pgfsys
.sty"
("C:\Users\EQUIPO 1\AppData\Roaming\MiKTeX\2.9\tex\latex\pgf\utilities\pgfrcs.s
ty"
("C:\Users\EQUIPO 1\AppData\Roaming\MiKTeX\2.9\tex\generic\pgf\utilities\pgfuti
l-common.tex"
\pgfutil@everybye=\toks16
\pgfutil@tempdima=\dimen128
\pgfutil@tempdimb=\dimen129

("C:\Users\EQUIPO 1\AppData\Roaming\MiKTeX\2.9\tex\generic\pgf\utilities\pgfuti
l-common-lists.tex"))
("C:\Users\EQUIPO 1\AppData\Roaming\MiKTeX\2.9\tex\generic\pgf\utilities\pgfuti
l-latex.def"
\pgfutil@abb=\box34

("C:\Users\EQUIPO 1\AppData\Roaming\MiKTeX\2.9\tex\latex\ms\everyshi.sty"
Package: everyshi 2001/05/15 v3.00 EveryShipout Package (MS)
))
("C:\Users\EQUIPO 1\AppData\Roaming\MiKTeX\2.9\tex\generic\pgf\utilities\pgfrcs
.code.tex"
Package: pgfrcs 2015/08/07 v3.0.1a (rcs-revision 1.31)
))
("C:\Users\EQUIPO 1\AppData\Roaming\MiKTeX\2.9\tex\generic\pgf\systemlayer\pgfs
ys.code.tex"
Package: pgfsys 2014/07/09 v3.0.1a (rcs-revision 1.48)

("C:\Users\EQUIPO 1\AppData\Roaming\MiKTeX\2.9\tex\generic\pgf\utilities\pgfkey
s.code.tex"
\pgfkeys@pathtoks=\toks17
\pgfkeys@temptoks=\toks18

("C:\Users\EQUIPO 1\AppData\Roaming\MiKTeX\2.9\tex\generic\pgf\utilities\pgfkey
sfiltered.code.tex"
\pgfkeys@tmptoks=\toks19
))
\pgf@x=\dimen130
\pgf@y=\dimen131
\pgf@xa=\dimen132
\pgf@ya=\dimen133
\pgf@xb=\dimen134
\pgf@yb=\dimen135
\pgf@xc=\dimen136
\pgf@yc=\dimen137
\w@pgf@writea=\write3
\r@pgf@reada=\read1
\c@pgf@counta=\count107
\c@pgf@countb=\count108
\c@pgf@countc=\count109
\c@pgf@countd=\count110
\t@pgf@toka=\toks20
\t@pgf@tokb=\toks21
\t@pgf@tokc=\toks22

("C:\Users\EQUIPO 1\AppData\Roaming\MiKTeX\2.9\tex\generic\pgf\systemlayer\pgf.
cfg"
File: pgf.cfg 2008/05/14  (rcs-revision 1.7)
)
Driver file for pgf: pgfsys-pdftex.def

("C:\Users\EQUIPO 1\AppData\Roaming\MiKTeX\2.9\tex\generic\pgf\systemlayer\pgfs
ys-pdftex.def"
File: pgfsys-pdftex.def 2014/10/11  (rcs-revision 1.35)

("C:\Users\EQUIPO 1\AppData\Roaming\MiKTeX\2.9\tex\generic\pgf\systemlayer\pgfs
ys-common-pdf.def"
File: pgfsys-common-pdf.def 2013/10/10  (rcs-revision 1.13)
)))
("C:\Users\EQUIPO 1\AppData\Roaming\MiKTeX\2.9\tex\generic\pgf\systemlayer\pgfs
yssoftpath.code.tex"
File: pgfsyssoftpath.code.tex 2013/09/09  (rcs-revision 1.9)
\pgfsyssoftpath@smallbuffer@items=\count111
\pgfsyssoftpath@bigbuffer@items=\count112
)
("C:\Users\EQUIPO 1\AppData\Roaming\MiKTeX\2.9\tex\generic\pgf\systemlayer\pgfs
ysprotocol.code.tex"
File: pgfsysprotocol.code.tex 2006/10/16  (rcs-revision 1.4)
))
("C:\Users\EQUIPO 1\AppData\Roaming\MiKTeX\2.9\tex\latex\xcolor\xcolor.sty"
Package: xcolor 2016/05/11 v2.12 LaTeX color extensions (UK)

("C:\Program Files\MiKTeX 2.9\tex\latex\graphics-cfg\color.cfg"
File: color.cfg 2016/01/02 v1.6 sample color configuration
)
Package xcolor Info: Driver file: pdftex.def on input line 225.
Package xcolor Info: Model `cmy' substituted by `cmy0' on input line 1348.
Package xcolor Info: Model `hsb' substituted by `rgb' on input line 1352.
Package xcolor Info: Model `RGB' extended on input line 1364.
Package xcolor Info: Model `HTML' substituted by `rgb' on input line 1366.
Package xcolor Info: Model `Hsb' substituted by `hsb' on input line 1367.
Package xcolor Info: Model `tHsb' substituted by `hsb' on input line 1368.
Package xcolor Info: Model `HSB' substituted by `hsb' on input line 1369.
Package xcolor Info: Model `Gray' substituted by `gray' on input line 1370.
Package xcolor Info: Model `wave' substituted by `hsb' on input line 1371.
)
("C:\Users\EQUIPO 1\AppData\Roaming\MiKTeX\2.9\tex\generic\pgf\basiclayer\pgfco
re.code.tex"
Package: pgfcore 2010/04/11 v3.0.1a (rcs-revision 1.7)

("C:\Users\EQUIPO 1\AppData\Roaming\MiKTeX\2.9\tex\generic\pgf\math\pgfmath.cod
e.tex"
("C:\Users\EQUIPO 1\AppData\Roaming\MiKTeX\2.9\tex\generic\pgf\math\pgfmathcalc
.code.tex"
("C:\Users\EQUIPO 1\AppData\Roaming\MiKTeX\2.9\tex\generic\pgf\math\pgfmathutil
.code.tex")
("C:\Users\EQUIPO 1\AppData\Roaming\MiKTeX\2.9\tex\generic\pgf\math\pgfmathpars
er.code.tex"
\pgfmath@dimen=\dimen138
\pgfmath@count=\count113
\pgfmath@box=\box35
\pgfmath@toks=\toks23
\pgfmath@stack@operand=\toks24
\pgfmath@stack@operation=\toks25
)
("C:\Users\EQUIPO 1\AppData\Roaming\MiKTeX\2.9\tex\generic\pgf\math\pgfmathfunc
tions.code.tex"
("C:\Users\EQUIPO 1\AppData\Roaming\MiKTeX\2.9\tex\generic\pgf\math\pgfmathfunc
tions.basic.code.tex")
("C:\Users\EQUIPO 1\AppData\Roaming\MiKTeX\2.9\tex\generic\pgf\math\pgfmathfunc
tions.trigonometric.code.tex")
("C:\Users\EQUIPO 1\AppData\Roaming\MiKTeX\2.9\tex\generic\pgf\math\pgfmathfunc
tions.random.code.tex")
("C:\Users\EQUIPO 1\AppData\Roaming\MiKTeX\2.9\tex\generic\pgf\math\pgfmathfunc
tions.comparison.code.tex")
("C:\Users\EQUIPO 1\AppData\Roaming\MiKTeX\2.9\tex\generic\pgf\math\pgfmathfunc
tions.base.code.tex")
("C:\Users\EQUIPO 1\AppData\Roaming\MiKTeX\2.9\tex\generic\pgf\math\pgfmathfunc
tions.round.code.tex")
("C:\Users\EQUIPO 1\AppData\Roaming\MiKTeX\2.9\tex\generic\pgf\math\pgfmathfunc
tions.misc.code.tex")
("C:\Users\EQUIPO 1\AppData\Roaming\MiKTeX\2.9\tex\generic\pgf\math\pgfmathfunc
tions.integerarithmetics.code.tex")))
("C:\Users\EQUIPO 1\AppData\Roaming\MiKTeX\2.9\tex\generic\pgf\math\pgfmathfloa
t.code.tex"
\c@pgfmathroundto@lastzeros=\count114
))
("C:\Users\EQUIPO 1\AppData\Roaming\MiKTeX\2.9\tex\generic\pgf\basiclayer\pgfco
repoints.code.tex"
File: pgfcorepoints.code.tex 2013/10/07  (rcs-revision 1.27)
\pgf@picminx=\dimen139
\pgf@picmaxx=\dimen140
\pgf@picminy=\dimen141
\pgf@picmaxy=\dimen142
\pgf@pathminx=\dimen143
\pgf@pathmaxx=\dimen144
\pgf@pathminy=\dimen145
\pgf@pathmaxy=\dimen146
\pgf@xx=\dimen147
\pgf@xy=\dimen148
\pgf@yx=\dimen149
\pgf@yy=\dimen150
\pgf@zx=\dimen151
\pgf@zy=\dimen152
)
("C:\Users\EQUIPO 1\AppData\Roaming\MiKTeX\2.9\tex\generic\pgf\basiclayer\pgfco
repathconstruct.code.tex"
File: pgfcorepathconstruct.code.tex 2013/10/07  (rcs-revision 1.29)
\pgf@path@lastx=\dimen153
\pgf@path@lasty=\dimen154
)
("C:\Users\EQUIPO 1\AppData\Roaming\MiKTeX\2.9\tex\generic\pgf\basiclayer\pgfco
repathusage.code.tex"
File: pgfcorepathusage.code.tex 2014/11/02  (rcs-revision 1.24)
\pgf@shorten@end@additional=\dimen155
\pgf@shorten@start@additional=\dimen156
)
("C:\Users\EQUIPO 1\AppData\Roaming\MiKTeX\2.9\tex\generic\pgf\basiclayer\pgfco
rescopes.code.tex"
File: pgfcorescopes.code.tex 2015/05/08  (rcs-revision 1.46)
\pgfpic=\box36
\pgf@hbox=\box37
\pgf@layerbox@main=\box38
\pgf@picture@serial@count=\count115
)
("C:\Users\EQUIPO 1\AppData\Roaming\MiKTeX\2.9\tex\generic\pgf\basiclayer\pgfco
regraphicstate.code.tex"
File: pgfcoregraphicstate.code.tex 2014/11/02  (rcs-revision 1.12)
\pgflinewidth=\dimen157
)
("C:\Users\EQUIPO 1\AppData\Roaming\MiKTeX\2.9\tex\generic\pgf\basiclayer\pgfco
retransformations.code.tex"
File: pgfcoretransformations.code.tex 2015/08/07  (rcs-revision 1.20)
\pgf@pt@x=\dimen158
\pgf@pt@y=\dimen159
\pgf@pt@temp=\dimen160
)
("C:\Users\EQUIPO 1\AppData\Roaming\MiKTeX\2.9\tex\generic\pgf\basiclayer\pgfco
requick.code.tex"
File: pgfcorequick.code.tex 2008/10/09  (rcs-revision 1.3)
)
("C:\Users\EQUIPO 1\AppData\Roaming\MiKTeX\2.9\tex\generic\pgf\basiclayer\pgfco
reobjects.code.tex"
File: pgfcoreobjects.code.tex 2006/10/11  (rcs-revision 1.2)
)
("C:\Users\EQUIPO 1\AppData\Roaming\MiKTeX\2.9\tex\generic\pgf\basiclayer\pgfco
repathprocessing.code.tex"
File: pgfcorepathprocessing.code.tex 2013/09/09  (rcs-revision 1.9)
)
("C:\Users\EQUIPO 1\AppData\Roaming\MiKTeX\2.9\tex\generic\pgf\basiclayer\pgfco
rearrows.code.tex"
File: pgfcorearrows.code.tex 2015/05/14  (rcs-revision 1.43)
\pgfarrowsep=\dimen161
)
("C:\Users\EQUIPO 1\AppData\Roaming\MiKTeX\2.9\tex\generic\pgf\basiclayer\pgfco
reshade.code.tex"
File: pgfcoreshade.code.tex 2013/07/15  (rcs-revision 1.15)
\pgf@max=\dimen162
\pgf@sys@shading@range@num=\count116
)
("C:\Users\EQUIPO 1\AppData\Roaming\MiKTeX\2.9\tex\generic\pgf\basiclayer\pgfco
reimage.code.tex"
File: pgfcoreimage.code.tex 2013/07/15  (rcs-revision 1.18)

("C:\Users\EQUIPO 1\AppData\Roaming\MiKTeX\2.9\tex\generic\pgf\basiclayer\pgfco
reexternal.code.tex"
File: pgfcoreexternal.code.tex 2014/07/09  (rcs-revision 1.21)
\pgfexternal@startupbox=\box39
))
("C:\Users\EQUIPO 1\AppData\Roaming\MiKTeX\2.9\tex\generic\pgf\basiclayer\pgfco
relayers.code.tex"
File: pgfcorelayers.code.tex 2013/07/18  (rcs-revision 1.7)
)
("C:\Users\EQUIPO 1\AppData\Roaming\MiKTeX\2.9\tex\generic\pgf\basiclayer\pgfco
retransparency.code.tex"
File: pgfcoretransparency.code.tex 2013/09/30  (rcs-revision 1.5)
)
("C:\Users\EQUIPO 1\AppData\Roaming\MiKTeX\2.9\tex\generic\pgf\basiclayer\pgfco
repatterns.code.tex"
File: pgfcorepatterns.code.tex 2013/11/07  (rcs-revision 1.5)
)))
("C:\Users\EQUIPO 1\AppData\Roaming\MiKTeX\2.9\tex\latex\pgf\utilities\xxcolor.
sty"
Package: xxcolor 2003/10/24 ver 0.1
\XC@nummixins=\count117
\XC@countmixins=\count118
) ("C:\Program Files\MiKTeX 2.9\tex\generic\oberdiek\atbegshi.sty"
Package: atbegshi 2016/06/09 v1.18 At begin shipout hook (HO)

("C:\Program Files\MiKTeX 2.9\tex\generic\oberdiek\infwarerr.sty"
Package: infwarerr 2016/05/16 v1.4 Providing info/warning/error messages (HO)
)
("C:\Program Files\MiKTeX 2.9\tex\generic\oberdiek\ltxcmds.sty"
Package: ltxcmds 2016/05/16 v1.23 LaTeX kernel commands for general use (HO)
))
("C:\Program Files\MiKTeX 2.9\tex\latex\hyperref\hyperref.sty"
Package: hyperref 2017/03/14 v6.85a Hypertext links for LaTeX

("C:\Program Files\MiKTeX 2.9\tex\generic\oberdiek\hobsub-hyperref.sty"
Package: hobsub-hyperref 2016/05/16 v1.14 Bundle oberdiek, subset hyperref (HO)


("C:\Program Files\MiKTeX 2.9\tex\generic\oberdiek\hobsub-generic.sty"
Package: hobsub-generic 2016/05/16 v1.14 Bundle oberdiek, subset generic (HO)
Package: hobsub 2016/05/16 v1.14 Construct package bundles (HO)
Package hobsub Info: Skipping package `infwarerr' (already loaded).
Package hobsub Info: Skipping package `ltxcmds' (already loaded).
Package: ifluatex 2016/05/16 v1.4 Provides the ifluatex switch (HO)
Package ifluatex Info: LuaTeX not detected.
Package hobsub Info: Skipping package `ifvtex' (already loaded).
Package: intcalc 2016/05/16 v1.2 Expandable calculations with integers (HO)
Package hobsub Info: Skipping package `ifpdf' (already loaded).
Package: etexcmds 2016/05/16 v1.6 Avoid name clashes with e-TeX commands (HO)
Package etexcmds Info: Could not find \expanded.
(etexcmds)             That can mean that you are not using pdfTeX 1.50 or
(etexcmds)             that some package has redefined \expanded.
(etexcmds)             In the latter case, load this package earlier.
Package: kvsetkeys 2016/05/16 v1.17 Key value parser (HO)
Package: kvdefinekeys 2016/05/16 v1.4 Define keys (HO)
Package: pdftexcmds 2017/03/19 v0.25 Utility functions of pdfTeX for LuaTeX (HO
)
Package pdftexcmds Info: LuaTeX not detected.
Package pdftexcmds Info: \pdf@primitive is available.
Package pdftexcmds Info: \pdf@ifprimitive is available.
Package pdftexcmds Info: \pdfdraftmode found.
Package: pdfescape 2016/05/16 v1.14 Implements pdfTeX's escape features (HO)
Package: bigintcalc 2016/05/16 v1.4 Expandable calculations on big integers (HO
)
Package: bitset 2016/05/16 v1.2 Handle bit-vector datatype (HO)
Package: uniquecounter 2016/05/16 v1.3 Provide unlimited unique counter (HO)
)
Package hobsub Info: Skipping package `hobsub' (already loaded).
Package: letltxmacro 2016/05/16 v1.5 Let assignment for LaTeX macros (HO)
Package: hopatch 2016/05/16 v1.3 Wrapper for package hooks (HO)
Package: xcolor-patch 2016/05/16 xcolor patch
Package: atveryend 2016/05/16 v1.9 Hooks at the very end of document (HO)
Package hobsub Info: Skipping package `atbegshi' (already loaded).
Package: refcount 2016/05/16 v3.5 Data extraction from label references (HO)
Package: hycolor 2016/05/16 v1.8 Color options for hyperref/bookmark (HO)
)
("C:\Program Files\MiKTeX 2.9\tex\latex\oberdiek\auxhook.sty"
Package: auxhook 2016/05/16 v1.4 Hooks for auxiliary files (HO)
)
("C:\Program Files\MiKTeX 2.9\tex\latex\oberdiek\kvoptions.sty"
Package: kvoptions 2016/05/16 v3.12 Key value format for package options (HO)
)
\@linkdim=\dimen163
\Hy@linkcounter=\count119
\Hy@pagecounter=\count120

("C:\Program Files\MiKTeX 2.9\tex\latex\hyperref\pd1enc.def"
File: pd1enc.def 2017/03/14 v6.85a Hyperref: PDFDocEncoding definition (HO)
)
\Hy@SavedSpaceFactor=\count121

("C:\Program Files\MiKTeX 2.9\tex\latex\00miktex\hyperref.cfg"
File: hyperref.cfg 2002/06/06 v1.2 hyperref configuration of TeXLive
)
Package hyperref Info: Option `bookmarks' set `true' on input line 4374.
Package hyperref Info: Option `bookmarksopen' set `true' on input line 4374.
Package hyperref Info: Option `implicit' set `false' on input line 4374.
Package hyperref Info: Hyper figures OFF on input line 4498.
Package hyperref Info: Link nesting OFF on input line 4503.
Package hyperref Info: Hyper index ON on input line 4506.
Package hyperref Info: Plain pages OFF on input line 4513.
Package hyperref Info: Backreferencing OFF on input line 4518.
Package hyperref Info: Implicit mode OFF; no redefinition of LaTeX internals.
Package hyperref Info: Bookmarks ON on input line 4751.
\c@Hy@tempcnt=\count122

("C:\Users\EQUIPO 1\AppData\Roaming\MiKTeX\2.9\tex\latex\url\url.sty"
\Urlmuskip=\muskip10
Package: url 2013/09/16  ver 3.4  Verb mode for urls, etc.
)
LaTeX Info: Redefining \url on input line 5104.
\XeTeXLinkMargin=\dimen164
\Fld@menulength=\count123
\Field@Width=\dimen165
\Fld@charsize=\dimen166
Package hyperref Info: Hyper figures OFF on input line 6358.
Package hyperref Info: Link nesting OFF on input line 6363.
Package hyperref Info: Hyper index ON on input line 6366.
Package hyperref Info: backreferencing OFF on input line 6373.
Package hyperref Info: Link coloring OFF on input line 6378.
Package hyperref Info: Link coloring with OCG OFF on input line 6383.
Package hyperref Info: PDF/A mode OFF on input line 6388.
LaTeX Info: Redefining \ref on input line 6428.
LaTeX Info: Redefining \pageref on input line 6432.
\Hy@abspage=\count124


Package hyperref Message: Stopped early.

)

Package hyperref Message: Driver (autodetected): hpdftex.

("C:\Program Files\MiKTeX 2.9\tex\latex\hyperref\hpdftex.def"
File: hpdftex.def 2017/03/14 v6.85a Hyperref driver for pdfTeX
\Fld@listcount=\count125
\c@bookmark@seq@number=\count126

("C:\Program Files\MiKTeX 2.9\tex\latex\oberdiek\rerunfilecheck.sty"
Package: rerunfilecheck 2016/05/16 v1.8 Rerun checks for auxiliary files (HO)
Package uniquecounter Info: New unique counter `rerunfilecheck' on input line 2
82.
))
("C:\Users\EQUIPO 1\AppData\Roaming\MiKTeX\2.9\tex\latex\beamer\beamerbaserequi
res.sty"
("C:\Users\EQUIPO 1\AppData\Roaming\MiKTeX\2.9\tex\latex\beamer\beamerbasecompa
tibility.sty")
("C:\Users\EQUIPO 1\AppData\Roaming\MiKTeX\2.9\tex\latex\beamer\beamerbasefont.
sty" ("C:\Program Files\MiKTeX 2.9\tex\latex\amsfonts\amssymb.sty"
Package: amssymb 2013/01/14 v3.01 AMS font symbols

("C:\Program Files\MiKTeX 2.9\tex\latex\amsfonts\amsfonts.sty"
Package: amsfonts 2013/01/14 v3.01 Basic AMSFonts support
\@emptytoks=\toks26
\symAMSa=\mathgroup4
\symAMSb=\mathgroup5
LaTeX Font Info:    Overwriting math alphabet `\mathfrak' in version `bold'
(Font)                  U/euf/m/n --> U/euf/b/n on input line 106.
)))
("C:\Users\EQUIPO 1\AppData\Roaming\MiKTeX\2.9\tex\latex\beamer\beamerbasetrans
lator.sty"
("C:\Users\EQUIPO 1\AppData\Roaming\MiKTeX\2.9\tex\latex\translator\translator.
sty"
Package: translator 2018/01/04 v1.12 Easy translation of strings in LaTeX
))
("C:\Users\EQUIPO 1\AppData\Roaming\MiKTeX\2.9\tex\latex\beamer\beamerbasemisc.
sty")
("C:\Users\EQUIPO 1\AppData\Roaming\MiKTeX\2.9\tex\latex\beamer\beamerbasetwosc
reens.sty")
("C:\Users\EQUIPO 1\AppData\Roaming\MiKTeX\2.9\tex\latex\beamer\beamerbaseoverl
ay.sty"
\beamer@argscount=\count127
\beamer@lastskipcover=\skip44
\beamer@trivlistdepth=\count128
)
("C:\Users\EQUIPO 1\AppData\Roaming\MiKTeX\2.9\tex\latex\beamer\beamerbasetitle
.sty")
("C:\Users\EQUIPO 1\AppData\Roaming\MiKTeX\2.9\tex\latex\beamer\beamerbasesecti
on.sty"
\c@lecture=\count129
\c@part=\count130
\c@section=\count131
\c@subsection=\count132
\c@subsubsection=\count133
)
("C:\Users\EQUIPO 1\AppData\Roaming\MiKTeX\2.9\tex\latex\beamer\beamerbaseframe
.sty"
\beamer@framebox=\box40
\beamer@frametitlebox=\box41
\beamer@zoombox=\box42
\beamer@zoomcount=\count134
\beamer@zoomframecount=\count135
\beamer@frametextheight=\dimen167
\c@subsectionslide=\count136
\beamer@frametopskip=\skip45
\beamer@framebottomskip=\skip46
\beamer@frametopskipautobreak=\skip47
\beamer@framebottomskipautobreak=\skip48
\beamer@envbody=\toks27
\framewidth=\dimen168
\c@framenumber=\count137
)
("C:\Users\EQUIPO 1\AppData\Roaming\MiKTeX\2.9\tex\latex\beamer\beamerbaseverba
tim.sty"
\beamer@verbatimfileout=\write4
)
("C:\Users\EQUIPO 1\AppData\Roaming\MiKTeX\2.9\tex\latex\beamer\beamerbaseframe
size.sty"
\beamer@splitbox=\box43
\beamer@autobreakcount=\count138
\beamer@autobreaklastheight=\dimen169
\beamer@frametitletoks=\toks28
\beamer@framesubtitletoks=\toks29
)
("C:\Users\EQUIPO 1\AppData\Roaming\MiKTeX\2.9\tex\latex\beamer\beamerbaseframe
components.sty"
\beamer@footins=\box44
)
("C:\Users\EQUIPO 1\AppData\Roaming\MiKTeX\2.9\tex\latex\beamer\beamerbasecolor
.sty"
\beamer@bg@ht=\dimen170
\beamer@bg@wd=\dimen171
\beamer@bg@dp=\dimen172
)
("C:\Users\EQUIPO 1\AppData\Roaming\MiKTeX\2.9\tex\latex\beamer\beamerbasenotes
.sty"
\beamer@frameboxcopy=\box45
)
("C:\Users\EQUIPO 1\AppData\Roaming\MiKTeX\2.9\tex\latex\beamer\beamerbasetoc.s
ty")
("C:\Users\EQUIPO 1\AppData\Roaming\MiKTeX\2.9\tex\latex\beamer\beamerbasetempl
ates.sty"
\beamer@sbttoks=\toks30

("C:\Users\EQUIPO 1\AppData\Roaming\MiKTeX\2.9\tex\latex\beamer\beamerbaseauxte
mplates.sty"
("C:\Users\EQUIPO 1\AppData\Roaming\MiKTeX\2.9\tex\latex\beamer\beamerbaseboxes
.sty"
\bmb@box=\box46
\bmb@colorbox=\box47
\bmb@boxshadow=\box48
\bmb@boxshadowball=\box49
\bmb@boxshadowballlarge=\box50
\bmb@temp=\dimen173
\bmb@dima=\dimen174
\bmb@dimb=\dimen175
\bmb@prevheight=\dimen176
)
\beamer@blockheadheight=\dimen177
))
("C:\Users\EQUIPO 1\AppData\Roaming\MiKTeX\2.9\tex\latex\beamer\beamerbaselocal
structure.sty" ("C:\Program Files\MiKTeX 2.9\tex\latex\tools\enumerate.sty"
Package: enumerate 2015/07/23 v3.00 enumerate extensions (DPC)
\@enLab=\toks31
)
\c@figure=\count139
\c@table=\count140
\abovecaptionskip=\skip49
\belowcaptionskip=\skip50
)
("C:\Users\EQUIPO 1\AppData\Roaming\MiKTeX\2.9\tex\latex\beamer\beamerbasenavig
ation.sty"
\beamer@section@min@dim=\dimen178
)
("C:\Users\EQUIPO 1\AppData\Roaming\MiKTeX\2.9\tex\latex\beamer\beamerbasetheor
ems.sty" ("C:\Program Files\MiKTeX 2.9\tex\latex\amsmath\amsmath.sty"
Package: amsmath 2017/09/02 v2.17a AMS math features
\@mathmargin=\skip51

For additional information on amsmath, use the `?' option.
("C:\Program Files\MiKTeX 2.9\tex\latex\amsmath\amstext.sty"
Package: amstext 2000/06/29 v2.01 AMS text

("C:\Program Files\MiKTeX 2.9\tex\latex\amsmath\amsgen.sty"
File: amsgen.sty 1999/11/30 v2.0 generic functions
\@emptytoks=\toks32
\ex@=\dimen179
))
("C:\Program Files\MiKTeX 2.9\tex\latex\amsmath\amsbsy.sty"
Package: amsbsy 1999/11/29 v1.2d Bold Symbols
\pmbraise@=\dimen180
)
("C:\Program Files\MiKTeX 2.9\tex\latex\amsmath\amsopn.sty"
Package: amsopn 2016/03/08 v2.02 operator names
)
\inf@bad=\count141
LaTeX Info: Redefining \frac on input line 213.
\uproot@=\count142
\leftroot@=\count143
LaTeX Info: Redefining \overline on input line 375.
\classnum@=\count144
\DOTSCASE@=\count145
LaTeX Info: Redefining \ldots on input line 472.
LaTeX Info: Redefining \dots on input line 475.
LaTeX Info: Redefining \cdots on input line 596.
\Mathstrutbox@=\box51
\strutbox@=\box52
\big@size=\dimen181
LaTeX Font Info:    Redeclaring font encoding OML on input line 712.
LaTeX Font Info:    Redeclaring font encoding OMS on input line 713.
\macc@depth=\count146
\c@MaxMatrixCols=\count147
\dotsspace@=\muskip11
\c@parentequation=\count148
\dspbrk@lvl=\count149
\tag@help=\toks33
\row@=\count150
\column@=\count151
\maxfields@=\count152
\andhelp@=\toks34
\eqnshift@=\dimen182
\alignsep@=\dimen183
\tagshift@=\dimen184
\tagwidth@=\dimen185
\totwidth@=\dimen186
\lineht@=\dimen187
\@envbody=\toks35
\multlinegap=\skip52
\multlinetaggap=\skip53
\mathdisplay@stack=\toks36
LaTeX Info: Redefining \[ on input line 2817.
LaTeX Info: Redefining \] on input line 2818.
)
("C:\Program Files\MiKTeX 2.9\tex\latex\amscls\amsthm.sty"
Package: amsthm 2017/10/31 v2.20.4
\thm@style=\toks37
\thm@bodyfont=\toks38
\thm@headfont=\toks39
\thm@notefont=\toks40
\thm@headpunct=\toks41
\thm@preskip=\skip54
\thm@postskip=\skip55
\thm@headsep=\skip56
\dth@everypar=\toks42
)
\c@theorem=\count153
)
("C:\Users\EQUIPO 1\AppData\Roaming\MiKTeX\2.9\tex\latex\beamer\beamerbasetheme
s.sty"))
("C:\Users\EQUIPO 1\AppData\Roaming\MiKTeX\2.9\tex\latex\beamer\beamerthemedefa
ult.sty"
("C:\Users\EQUIPO 1\AppData\Roaming\MiKTeX\2.9\tex\latex\beamer\beamerfonttheme
default.sty")
("C:\Users\EQUIPO 1\AppData\Roaming\MiKTeX\2.9\tex\latex\beamer\beamercolorthem
edefault.sty")
("C:\Users\EQUIPO 1\AppData\Roaming\MiKTeX\2.9\tex\latex\beamer\beamerinnerthem
edefault.sty"
\beamer@dima=\dimen188
\beamer@dimb=\dimen189
)
("C:\Users\EQUIPO 1\AppData\Roaming\MiKTeX\2.9\tex\latex\beamer\beamerouterthem
edefault.sty")))
("C:\Users\EQUIPO 1\AppData\Roaming\MiKTeX\2.9\tex\latex\beamer\beamerthemeMadr
id.sty"
("C:\Users\EQUIPO 1\AppData\Roaming\MiKTeX\2.9\tex\latex\beamer\beamercolorthem
ewhale.sty")
("C:\Users\EQUIPO 1\AppData\Roaming\MiKTeX\2.9\tex\latex\beamer\beamercolorthem
eorchid.sty")
("C:\Users\EQUIPO 1\AppData\Roaming\MiKTeX\2.9\tex\latex\beamer\beamerinnerthem
erounded.sty")
("C:\Users\EQUIPO 1\AppData\Roaming\MiKTeX\2.9\tex\latex\beamer\beamerouterthem
einfolines.sty")) ("C:\Program Files\MiKTeX 2.9\tex\latex\base\fontenc.sty"
Package: fontenc 2017/04/05 v2.0i Standard LaTeX package

("C:\Program Files\MiKTeX 2.9\tex\latex\base\t1enc.def"
File: t1enc.def 2017/04/05 v2.0i Standard LaTeX file
LaTeX Font Info:    Redeclaring font encoding T1 on input line 48.
))
("C:\Program Files\MiKTeX 2.9\tex\latex\base\inputenc.sty"
Package: inputenc 2015/03/17 v1.2c Input encoding file
\inpenc@prehook=\toks43
\inpenc@posthook=\toks44

("C:\Program Files\MiKTeX 2.9\tex\latex\base\utf8.def"
File: utf8.def 2017/01/28 v1.1t UTF-8 support for inputenc
Now handling font encoding OML ...
... no UTF-8 mapping file for font encoding OML
Now handling font encoding T1 ...
... processing UTF-8 mapping file for font encoding T1

("C:\Program Files\MiKTeX 2.9\tex\latex\base\t1enc.dfu"
File: t1enc.dfu 2017/01/28 v1.1t UTF-8 support for inputenc
   defining Unicode char U+00A0 (decimal 160)
   defining Unicode char U+00A1 (decimal 161)
   defining Unicode char U+00A3 (decimal 163)
   defining Unicode char U+00AB (decimal 171)
   defining Unicode char U+00AD (decimal 173)
   defining Unicode char U+00BB (decimal 187)
   defining Unicode char U+00BF (decimal 191)
   defining Unicode char U+00C0 (decimal 192)
   defining Unicode char U+00C1 (decimal 193)
   defining Unicode char U+00C2 (decimal 194)
   defining Unicode char U+00C3 (decimal 195)
   defining Unicode char U+00C4 (decimal 196)
   defining Unicode char U+00C5 (decimal 197)
   defining Unicode char U+00C6 (decimal 198)
   defining Unicode char U+00C7 (decimal 199)
   defining Unicode char U+00C8 (decimal 200)
   defining Unicode char U+00C9 (decimal 201)
   defining Unicode char U+00CA (decimal 202)
   defining Unicode char U+00CB (decimal 203)
   defining Unicode char U+00CC (decimal 204)
   defining Unicode char U+00CD (decimal 205)
   defining Unicode char U+00CE (decimal 206)
   defining Unicode char U+00CF (decimal 207)
   defining Unicode char U+00D0 (decimal 208)
   defining Unicode char U+00D1 (decimal 209)
   defining Unicode char U+00D2 (decimal 210)
   defining Unicode char U+00D3 (decimal 211)
   defining Unicode char U+00D4 (decimal 212)
   defining Unicode char U+00D5 (decimal 213)
   defining Unicode char U+00D6 (decimal 214)
   defining Unicode char U+00D8 (decimal 216)
   defining Unicode char U+00D9 (decimal 217)
   defining Unicode char U+00DA (decimal 218)
   defining Unicode char U+00DB (decimal 219)
   defining Unicode char U+00DC (decimal 220)
   defining Unicode char U+00DD (decimal 221)
   defining Unicode char U+00DE (decimal 222)
   defining Unicode char U+00DF (decimal 223)
   defining Unicode char U+00E0 (decimal 224)
   defining Unicode char U+00E1 (decimal 225)
   defining Unicode char U+00E2 (decimal 226)
   defining Unicode char U+00E3 (decimal 227)
   defining Unicode char U+00E4 (decimal 228)
   defining Unicode char U+00E5 (decimal 229)
   defining Unicode char U+00E6 (decimal 230)
   defining Unicode char U+00E7 (decimal 231)
   defining Unicode char U+00E8 (decimal 232)
   defining Unicode char U+00E9 (decimal 233)
   defining Unicode char U+00EA (decimal 234)
   defining Unicode char U+00EB (decimal 235)
   defining Unicode char U+00EC (decimal 236)
   defining Unicode char U+00ED (decimal 237)
   defining Unicode char U+00EE (decimal 238)
   defining Unicode char U+00EF (decimal 239)
   defining Unicode char U+00F0 (decimal 240)
   defining Unicode char U+00F1 (decimal 241)
   defining Unicode char U+00F2 (decimal 242)
   defining Unicode char U+00F3 (decimal 243)
   defining Unicode char U+00F4 (decimal 244)
   defining Unicode char U+00F5 (decimal 245)
   defining Unicode char U+00F6 (decimal 246)
   defining Unicode char U+00F8 (decimal 248)
   defining Unicode char U+00F9 (decimal 249)
   defining Unicode char U+00FA (decimal 250)
   defining Unicode char U+00FB (decimal 251)
   defining Unicode char U+00FC (decimal 252)
   defining Unicode char U+00FD (decimal 253)
   defining Unicode char U+00FE (decimal 254)
   defining Unicode char U+00FF (decimal 255)
   defining Unicode char U+0100 (decimal 256)
   defining Unicode char U+0101 (decimal 257)
   defining Unicode char U+0102 (decimal 258)
   defining Unicode char U+0103 (decimal 259)
   defining Unicode char U+0104 (decimal 260)
   defining Unicode char U+0105 (decimal 261)
   defining Unicode char U+0106 (decimal 262)
   defining Unicode char U+0107 (decimal 263)
   defining Unicode char U+0108 (decimal 264)
   defining Unicode char U+0109 (decimal 265)
   defining Unicode char U+010A (decimal 266)
   defining Unicode char U+010B (decimal 267)
   defining Unicode char U+010C (decimal 268)
   defining Unicode char U+010D (decimal 269)
   defining Unicode char U+010E (decimal 270)
   defining Unicode char U+010F (decimal 271)
   defining Unicode char U+0110 (decimal 272)
   defining Unicode char U+0111 (decimal 273)
   defining Unicode char U+0112 (decimal 274)
   defining Unicode char U+0113 (decimal 275)
   defining Unicode char U+0114 (decimal 276)
   defining Unicode char U+0115 (decimal 277)
   defining Unicode char U+0116 (decimal 278)
   defining Unicode char U+0117 (decimal 279)
   defining Unicode char U+0118 (decimal 280)
   defining Unicode char U+0119 (decimal 281)
   defining Unicode char U+011A (decimal 282)
   defining Unicode char U+011B (decimal 283)
   defining Unicode char U+011C (decimal 284)
   defining Unicode char U+011D (decimal 285)
   defining Unicode char U+011E (decimal 286)
   defining Unicode char U+011F (decimal 287)
   defining Unicode char U+0120 (decimal 288)
   defining Unicode char U+0121 (decimal 289)
   defining Unicode char U+0122 (decimal 290)
   defining Unicode char U+0123 (decimal 291)
   defining Unicode char U+0124 (decimal 292)
   defining Unicode char U+0125 (decimal 293)
   defining Unicode char U+0128 (decimal 296)
   defining Unicode char U+0129 (decimal 297)
   defining Unicode char U+012A (decimal 298)
   defining Unicode char U+012B (decimal 299)
   defining Unicode char U+012C (decimal 300)
   defining Unicode char U+012D (decimal 301)
   defining Unicode char U+012E (decimal 302)
   defining Unicode char U+012F (decimal 303)
   defining Unicode char U+0130 (decimal 304)
   defining Unicode char U+0131 (decimal 305)
   defining Unicode char U+0132 (decimal 306)
   defining Unicode char U+0133 (decimal 307)
   defining Unicode char U+0134 (decimal 308)
   defining Unicode char U+0135 (decimal 309)
   defining Unicode char U+0136 (decimal 310)
   defining Unicode char U+0137 (decimal 311)
   defining Unicode char U+0139 (decimal 313)
   defining Unicode char U+013A (decimal 314)
   defining Unicode char U+013B (decimal 315)
   defining Unicode char U+013C (decimal 316)
   defining Unicode char U+013D (decimal 317)
   defining Unicode char U+013E (decimal 318)
   defining Unicode char U+0141 (decimal 321)
   defining Unicode char U+0142 (decimal 322)
   defining Unicode char U+0143 (decimal 323)
   defining Unicode char U+0144 (decimal 324)
   defining Unicode char U+0145 (decimal 325)
   defining Unicode char U+0146 (decimal 326)
   defining Unicode char U+0147 (decimal 327)
   defining Unicode char U+0148 (decimal 328)
   defining Unicode char U+014A (decimal 330)
   defining Unicode char U+014B (decimal 331)
   defining Unicode char U+014C (decimal 332)
   defining Unicode char U+014D (decimal 333)
   defining Unicode char U+014E (decimal 334)
   defining Unicode char U+014F (decimal 335)
   defining Unicode char U+0150 (decimal 336)
   defining Unicode char U+0151 (decimal 337)
   defining Unicode char U+0152 (decimal 338)
   defining Unicode char U+0153 (decimal 339)
   defining Unicode char U+0154 (decimal 340)
   defining Unicode char U+0155 (decimal 341)
   defining Unicode char U+0156 (decimal 342)
   defining Unicode char U+0157 (decimal 343)
   defining Unicode char U+0158 (decimal 344)
   defining Unicode char U+0159 (decimal 345)
   defining Unicode char U+015A (decimal 346)
   defining Unicode char U+015B (decimal 347)
   defining Unicode char U+015C (decimal 348)
   defining Unicode char U+015D (decimal 349)
   defining Unicode char U+015E (decimal 350)
   defining Unicode char U+015F (decimal 351)
   defining Unicode char U+0160 (decimal 352)
   defining Unicode char U+0161 (decimal 353)
   defining Unicode char U+0162 (decimal 354)
   defining Unicode char U+0163 (decimal 355)
   defining Unicode char U+0164 (decimal 356)
   defining Unicode char U+0165 (decimal 357)
   defining Unicode char U+0168 (decimal 360)
   defining Unicode char U+0169 (decimal 361)
   defining Unicode char U+016A (decimal 362)
   defining Unicode char U+016B (decimal 363)
   defining Unicode char U+016C (decimal 364)
   defining Unicode char U+016D (decimal 365)
   defining Unicode char U+016E (decimal 366)
   defining Unicode char U+016F (decimal 367)
   defining Unicode char U+0170 (decimal 368)
   defining Unicode char U+0171 (decimal 369)
   defining Unicode char U+0172 (decimal 370)
   defining Unicode char U+0173 (decimal 371)
   defining Unicode char U+0174 (decimal 372)
   defining Unicode char U+0175 (decimal 373)
   defining Unicode char U+0176 (decimal 374)
   defining Unicode char U+0177 (decimal 375)
   defining Unicode char U+0178 (decimal 376)
   defining Unicode char U+0179 (decimal 377)
   defining Unicode char U+017A (decimal 378)
   defining Unicode char U+017B (decimal 379)
   defining Unicode char U+017C (decimal 380)
   defining Unicode char U+017D (decimal 381)
   defining Unicode char U+017E (decimal 382)
   defining Unicode char U+01CD (decimal 461)
   defining Unicode char U+01CE (decimal 462)
   defining Unicode char U+01CF (decimal 463)
   defining Unicode char U+01D0 (decimal 464)
   defining Unicode char U+01D1 (decimal 465)
   defining Unicode char U+01D2 (decimal 466)
   defining Unicode char U+01D3 (decimal 467)
   defining Unicode char U+01D4 (decimal 468)
   defining Unicode char U+01E2 (decimal 482)
   defining Unicode char U+01E3 (decimal 483)
   defining Unicode char U+01E6 (decimal 486)
   defining Unicode char U+01E7 (decimal 487)
   defining Unicode char U+01E8 (decimal 488)
   defining Unicode char U+01E9 (decimal 489)
   defining Unicode char U+01EA (decimal 490)
   defining Unicode char U+01EB (decimal 491)
   defining Unicode char U+01F0 (decimal 496)
   defining Unicode char U+01F4 (decimal 500)
   defining Unicode char U+01F5 (decimal 501)
   defining Unicode char U+0218 (decimal 536)
   defining Unicode char U+0219 (decimal 537)
   defining Unicode char U+021A (decimal 538)
   defining Unicode char U+021B (decimal 539)
   defining Unicode char U+0232 (decimal 562)
   defining Unicode char U+0233 (decimal 563)
   defining Unicode char U+1E02 (decimal 7682)
   defining Unicode char U+1E03 (decimal 7683)
   defining Unicode char U+200C (decimal 8204)
   defining Unicode char U+2010 (decimal 8208)
   defining Unicode char U+2011 (decimal 8209)
   defining Unicode char U+2012 (decimal 8210)
   defining Unicode char U+2013 (decimal 8211)
   defining Unicode char U+2014 (decimal 8212)
   defining Unicode char U+2015 (decimal 8213)
   defining Unicode char U+2018 (decimal 8216)
   defining Unicode char U+2019 (decimal 8217)
   defining Unicode char U+201A (decimal 8218)
   defining Unicode char U+201C (decimal 8220)
   defining Unicode char U+201D (decimal 8221)
   defining Unicode char U+201E (decimal 8222)
   defining Unicode char U+2030 (decimal 8240)
   defining Unicode char U+2031 (decimal 8241)
   defining Unicode char U+2039 (decimal 8249)
   defining Unicode char U+203A (decimal 8250)
   defining Unicode char U+2423 (decimal 9251)
   defining Unicode char U+1E20 (decimal 7712)
   defining Unicode char U+1E21 (decimal 7713)
)
Now handling font encoding OT1 ...
... processing UTF-8 mapping file for font encoding OT1

("C:\Program Files\MiKTeX 2.9\tex\latex\base\ot1enc.dfu"
File: ot1enc.dfu 2017/01/28 v1.1t UTF-8 support for inputenc
   defining Unicode char U+00A0 (decimal 160)
   defining Unicode char U+00A1 (decimal 161)
   defining Unicode char U+00A3 (decimal 163)
   defining Unicode char U+00AD (decimal 173)
   defining Unicode char U+00B8 (decimal 184)
   defining Unicode char U+00BF (decimal 191)
   defining Unicode char U+00C5 (decimal 197)
   defining Unicode char U+00C6 (decimal 198)
   defining Unicode char U+00D8 (decimal 216)
   defining Unicode char U+00DF (decimal 223)
   defining Unicode char U+00E6 (decimal 230)
   defining Unicode char U+00EC (decimal 236)
   defining Unicode char U+00ED (decimal 237)
   defining Unicode char U+00EE (decimal 238)
   defining Unicode char U+00EF (decimal 239)
   defining Unicode char U+00F8 (decimal 248)
   defining Unicode char U+0131 (decimal 305)
   defining Unicode char U+0141 (decimal 321)
   defining Unicode char U+0142 (decimal 322)
   defining Unicode char U+0152 (decimal 338)
   defining Unicode char U+0153 (decimal 339)
   defining Unicode char U+0174 (decimal 372)
   defining Unicode char U+0175 (decimal 373)
   defining Unicode char U+0176 (decimal 374)
   defining Unicode char U+0177 (decimal 375)
   defining Unicode char U+0218 (decimal 536)
   defining Unicode char U+0219 (decimal 537)
   defining Unicode char U+021A (decimal 538)
   defining Unicode char U+021B (decimal 539)
   defining Unicode char U+2013 (decimal 8211)
   defining Unicode char U+2014 (decimal 8212)
   defining Unicode char U+2018 (decimal 8216)
   defining Unicode char U+2019 (decimal 8217)
   defining Unicode char U+201C (decimal 8220)
   defining Unicode char U+201D (decimal 8221)
)
Now handling font encoding OMS ...
... processing UTF-8 mapping file for font encoding OMS

("C:\Program Files\MiKTeX 2.9\tex\latex\base\omsenc.dfu"
File: omsenc.dfu 2017/01/28 v1.1t UTF-8 support for inputenc
   defining Unicode char U+00A7 (decimal 167)
   defining Unicode char U+00B6 (decimal 182)
   defining Unicode char U+00B7 (decimal 183)
   defining Unicode char U+2020 (decimal 8224)
   defining Unicode char U+2021 (decimal 8225)
   defining Unicode char U+2022 (decimal 8226)
)
Now handling font encoding OMX ...
... no UTF-8 mapping file for font encoding OMX
Now handling font encoding U ...
... no UTF-8 mapping file for font encoding U
Now handling font encoding PD1 ...
... no UTF-8 mapping file for font encoding PD1
   defining Unicode char U+00A9 (decimal 169)
   defining Unicode char U+00AA (decimal 170)
   defining Unicode char U+00AE (decimal 174)
   defining Unicode char U+00BA (decimal 186)
   defining Unicode char U+02C6 (decimal 710)
   defining Unicode char U+02DC (decimal 732)
   defining Unicode char U+200C (decimal 8204)
   defining Unicode char U+2026 (decimal 8230)
   defining Unicode char U+2122 (decimal 8482)
   defining Unicode char U+2423 (decimal 9251)
))
("C:\Program Files\MiKTeX 2.9\tex\generic\babel\babel.sty"
Package: babel 2018/01/04 3.16 The Babel package

("C:\Program Files\MiKTeX 2.9\tex\generic\babel\switch.def"
File: switch.def 2018/01/04 3.16 Babel switching mechanism
)
*************************************
* Local config file bblopts.cfg used
*
("C:\Users\EQUIPO 1\AppData\Roaming\MiKTeX\2.9\tex\latex\arabi\bblopts.cfg"
File: bblopts.cfg 2005/09/08 v0.1 add Arabic and Farsi to "declared" options of
 babel
)
("C:\Program Files\MiKTeX 2.9\tex\latex\babel-spanish\spanish.ldf"
Language: spanish.ldf 2016/03/03 v5.0p Spanish support from the babel system

("C:\Program Files\MiKTeX 2.9\tex\generic\babel\babel.def"
File: babel.def 2018/01/04 3.16 Babel common definitions

("C:\Program Files\MiKTeX 2.9\tex\generic\babel\switch.def"
File: switch.def 2018/01/04 3.16 Babel switching mechanism
)
\babel@savecnt=\count154
\U@D=\dimen190

("C:\Program Files\MiKTeX 2.9\tex\generic\babel\txtbabel.def")
LaTeX Info: Redefining \textlatin on input line 1799.
\bbl@dirlevel=\count155
)
\es@quottoks=\toks45
\es@quotdepth=\count156
Package babel Info: Making " an active character on input line 561.
Package babel Info: Making . an active character on input line 662.
Package babel Info: Making < an active character on input line 707.
Package babel Info: Making > an active character on input line 707.
))
("C:\Users\EQUIPO 1\AppData\Roaming\MiKTeX\2.9\tex\latex\biblatex\biblatex.sty"
Package: biblatex 2017/12/19 v3.10 programmable bibliographies (PK/JW/AB)
("C:\Users\EQUIPO 1\AppData\Roaming\MiKTeX\2.9\tex\latex\logreq\logreq.sty"
Package: logreq 2010/08/04 v1.0 xml request logger
\lrq@indent=\count157

("C:\Users\EQUIPO 1\AppData\Roaming\MiKTeX\2.9\tex\latex\logreq\logreq.def"
File: logreq.def 2010/08/04 v1.0 logreq spec v1.0
))
("C:\Program Files\MiKTeX 2.9\tex\latex\base\ifthen.sty"
Package: ifthen 2014/09/29 v1.1c Standard LaTeX ifthen package (DPC)
)
("C:\Users\EQUIPO 1\AppData\Roaming\MiKTeX\2.9\tex\latex\xstring\xstring.sty"
("C:\Users\EQUIPO 1\AppData\Roaming\MiKTeX\2.9\tex\generic\xstring\xstring.tex"
\@xs@message=\write5
\integerpart=\count158
\decimalpart=\count159
)
Package: xstring 2013/10/13  v1.7c  String manipulations (C Tellechea)
)
\c@tabx@nest=\count160
\c@listtotal=\count161
\c@listcount=\count162
\c@liststart=\count163
\c@liststop=\count164
\c@citecount=\count165
\c@citetotal=\count166
\c@multicitecount=\count167
\c@multicitetotal=\count168
\c@instcount=\count169
\c@maxnames=\count170
\c@minnames=\count171
\c@maxitems=\count172
\c@minitems=\count173
\c@citecounter=\count174
\c@savedcitecounter=\count175
\c@uniquelist=\count176
\c@uniquename=\count177
\c@refsection=\count178
\c@refsegment=\count179
\c@maxextratitle=\count180
\c@maxextratitleyear=\count181
\c@maxextradate=\count182
\c@maxextraalpha=\count183
\c@abbrvpenalty=\count184
\c@highnamepenalty=\count185
\c@lownamepenalty=\count186
\c@maxparens=\count187
\c@parenlevel=\count188
\blx@tempcnta=\count189
\blx@tempcntb=\count190
\blx@tempcntc=\count191
\blx@maxsection=\count192
\blx@maxsegment@0=\count193
\blx@notetype=\count194
\blx@parenlevel@text=\count195
\blx@parenlevel@foot=\count196
\blx@sectionciteorder@0=\count197
\labelnumberwidth=\skip57
\labelalphawidth=\skip58
\biblabelsep=\skip59
\bibitemsep=\skip60
\bibnamesep=\skip61
\bibinitsep=\skip62
\bibparsep=\skip63
\bibhang=\skip64
\blx@bcfin=\read2
\blx@bcfout=\write6
\c@mincomprange=\count198
\c@maxcomprange=\count199
\c@mincompwidth=\count266
Package biblatex Info: Trying to load biblatex default data model...
Package biblatex Info: ... file 'blx-dm.def' found.
 ("C:\Users\EQUIPO 1\AppData\Roaming\MiKTeX\2.9\tex\latex\biblatex\blx-dm.def")
Package biblatex Info: Trying to load biblatex style data model...
Package biblatex Info: ... file 'verbose.dbx' not found.
Package biblatex Info: Trying to load biblatex custom data model...
Package biblatex Info: ... file 'biblatex-dm.cfg' not found.
\c@afterword=\count267
\c@savedafterword=\count268
\c@annotator=\count269
\c@savedannotator=\count270
\c@author=\count271
\c@savedauthor=\count272
\c@bookauthor=\count273
\c@savedbookauthor=\count274
\c@commentator=\count275
\c@savedcommentator=\count276
\c@editor=\count277
\c@savededitor=\count278
\c@editora=\count279
\c@savededitora=\count280
\c@editorb=\count281
\c@savededitorb=\count282
\c@editorc=\count283
\c@savededitorc=\count284
\c@foreword=\count285
\c@savedforeword=\count286
\c@holder=\count287
\c@savedholder=\count288
\c@introduction=\count289
\c@savedintroduction=\count290
\c@namea=\count291
\c@savednamea=\count292
\c@nameb=\count293
\c@savednameb=\count294
\c@namec=\count295
\c@savednamec=\count296
\c@translator=\count297
\c@savedtranslator=\count298
\c@shortauthor=\count299
\c@savedshortauthor=\count300
\c@shorteditor=\count301
\c@savedshorteditor=\count302
\c@labelname=\count303
\c@savedlabelname=\count304
\c@institution=\count305
\c@savedinstitution=\count306
\c@lista=\count307
\c@savedlista=\count308
\c@listb=\count309
\c@savedlistb=\count310
\c@listc=\count311
\c@savedlistc=\count312
\c@listd=\count313
\c@savedlistd=\count314
\c@liste=\count315
\c@savedliste=\count316
\c@listf=\count317
\c@savedlistf=\count318
\c@location=\count319
\c@savedlocation=\count320
\c@organization=\count321
\c@savedorganization=\count322
\c@origlocation=\count323
\c@savedoriglocation=\count324
\c@origpublisher=\count325
\c@savedorigpublisher=\count326
\c@publisher=\count327
\c@savedpublisher=\count328
\c@language=\count329
\c@savedlanguage=\count330
\c@origlanguage=\count331
\c@savedoriglanguage=\count332
\c@pageref=\count333
\c@savedpageref=\count334
\shorthandwidth=\skip65
\shortjournalwidth=\skip66
\shortserieswidth=\skip67
\shorttitlewidth=\skip68
\shortauthorwidth=\skip69
\shorteditorwidth=\skip70
Package biblatex Info: Trying to load compatibility code...
Package biblatex Info: ... file 'blx-compat.def' found.

("C:\Users\EQUIPO 1\AppData\Roaming\MiKTeX\2.9\tex\latex\biblatex\blx-compat.de
f"
File: blx-compat.def 2017/12/19 v3.10 biblatex compatibility (PK/JW/AB)
)
Package biblatex Info: Trying to load BibTeX backend compatibility...
Package biblatex Info: ... file 'blx-bibtex.def' found.

("C:\Users\EQUIPO 1\AppData\Roaming\MiKTeX\2.9\tex\latex\biblatex\blx-bibtex.de
f"
File: blx-bibtex.def 2017/12/19 v3.10 biblatex compatibility (PK/JW/AB)


Package biblatex Warning: Using fall-back BibTeX(8) backend:
(biblatex)                functionality may be reduced/unavailable.

)
Package biblatex Info: Trying to load generic definitions...
Package biblatex Info: ... file 'biblatex.def' found.
 ("C:\Users\EQUIPO 1\AppData\Roaming\MiKTeX\2.9\tex\latex\biblatex\biblatex.def
"
File: biblatex.def 2017/12/19 v3.10 biblatex compatibility (PK/JW/AB)
\c@textcitecount=\count335
\c@textcitetotal=\count336
\c@textcitemaxnames=\count337
\c@biburlnumpenalty=\count338
\c@biburlucpenalty=\count339
\c@biburllcpenalty=\count340
\c@smartand=\count341
)
Package biblatex Info: Trying to load bibliography style 'verbose'...
Package biblatex Info: ... file 'verbose.bbx' found.

("C:\Users\EQUIPO 1\AppData\Roaming\MiKTeX\2.9\tex\latex\biblatex\bbx\verbose.b
bx"
File: verbose.bbx 2017/12/19 v3.10 biblatex bibliography style (PK/JW/AB)
Package biblatex Info: Trying to load bibliography style 'authortitle'...
Package biblatex Info: ... file 'authortitle.bbx' found.

("C:\Users\EQUIPO 1\AppData\Roaming\MiKTeX\2.9\tex\latex\biblatex\bbx\authortit
le.bbx"
File: authortitle.bbx 2017/12/19 v3.10 biblatex bibliography style (PK/JW/AB)
Package biblatex Info: Trying to load bibliography style 'standard'...
Package biblatex Info: ... file 'standard.bbx' found.

("C:\Users\EQUIPO 1\AppData\Roaming\MiKTeX\2.9\tex\latex\biblatex\bbx\standard.
bbx"
File: standard.bbx 2017/12/19 v3.10 biblatex bibliography style (PK/JW/AB)
\c@bbx:relatedcount=\count342
\c@bbx:relatedtotal=\count343
)))
Package biblatex Info: Trying to load citation style 'verbose'...
Package biblatex Info: ... file 'verbose.cbx' found.

("C:\Users\EQUIPO 1\AppData\Roaming\MiKTeX\2.9\tex\latex\biblatex\cbx\verbose.c
bx"
File: verbose.cbx 2017/12/19 v3.10 biblatex citation style (PK/JW/AB)
Package biblatex Info: Redefining '\cite'.
Package biblatex Info: Redefining '\parencite'.
Package biblatex Info: Redefining '\footcite'.
Package biblatex Info: Redefining '\footcitetext'.
Package biblatex Info: Redefining '\smartcite'.
Package biblatex Info: Redefining '\textcite'.
Package biblatex Info: Redefining '\textcites'.
)
Package biblatex Info: Trying to load configuration file...
Package biblatex Info: ... file 'biblatex.cfg' found.

("C:\Users\EQUIPO 1\AppData\Roaming\MiKTeX\2.9\tex\latex\biblatex\biblatex.cfg"
File: biblatex.cfg 
))
("C:\Users\EQUIPO 1\AppData\Roaming\MiKTeX\2.9\tex\latex\listings\listings.sty"
\lst@mode=\count344
\lst@gtempboxa=\box53
\lst@token=\toks46
\lst@length=\count345
\lst@currlwidth=\dimen191
\lst@column=\count346
\lst@pos=\count347
\lst@lostspace=\dimen192
\lst@width=\dimen193
\lst@newlines=\count348
\lst@lineno=\count349
\lst@maxwidth=\dimen194
("C:\Users\EQUIPO 1\AppData\Roaming\MiKTeX\2.9\tex\latex\listings\lstmisc.sty"
File: lstmisc.sty 2015/06/04 1.6 (Carsten Heinz)
\c@lstnumber=\count350
\lst@skipnumbers=\count351
\lst@framebox=\box54
) ("C:\Users\EQUIPO 1\AppData\Roaming\MiKTeX\2.9\tex\latex\listings\listings.cf
g"
File: listings.cfg 2015/06/04 1.6 listings configuration
))
Package: listings 2015/06/04 1.6 (Carsten Heinz)

("C:\Users\EQUIPO 1\AppData\Roaming\MiKTeX\2.9\tex\latex\booktabs\booktabs.sty"
Package: booktabs 2005/04/14 v1.61803 publication quality tables
\heavyrulewidth=\dimen195
\lightrulewidth=\dimen196
\cmidrulewidth=\dimen197
\belowrulesep=\dimen198
\belowbottomsep=\dimen199
\aboverulesep=\dimen256
\abovetopsep=\dimen257
\cmidrulesep=\dimen258
\cmidrulekern=\dimen259
\defaultaddspace=\dimen260
\@cmidla=\count352
\@cmidlb=\count353
\@aboverulesep=\dimen261
\@belowrulesep=\dimen262
\@thisruleclass=\count354
\@lastruleclass=\count355
\@thisrulewidth=\dimen263
) ("C:\Users\EQUIPO 1\AppData\Roaming\MiKTeX\2.9\tex\latex\colortbl\colortbl.st
y"
Package: colortbl 2012/02/13 v1.0a Color table columns (DPC)
 ("C:\Program Files\MiKTeX 2.9\tex\latex\tools\array.sty"
Package: array 2016/10/06 v2.4d Tabular extension package (FMi)
\col@sep=\dimen264
\extrarowheight=\dimen265
\NC@list=\toks47
\extratabsurround=\skip71
\backup@length=\skip72
)
\everycr=\toks48
\minrowclearance=\skip73
)
("C:\Program Files\MiKTeX 2.9\tex\latex\multirow\multirow.sty"
Package: multirow 2016/11/25 v2.2 Span multiple rows of a table
\multirow@colwidth=\skip74
\multirow@cntb=\count356
\multirow@dima=\skip75
\bigstrutjot=\dimen266
)
("C:\Users\EQUIPO 1\AppData\Roaming\MiKTeX\2.9\tex\latex\pxfonts\pxfonts.sty"
Package: pxfonts 2008/01/22 v1.1.1
LaTeX Font Info:    Redeclaring symbol font `operators' on input line 21.
LaTeX Font Info:    Overwriting symbol font `operators' in version `normal'
(Font)                  OT1/cmr/m/n --> OT1/pxr/m/n on input line 21.
LaTeX Font Info:    Overwriting symbol font `operators' in version `bold'
(Font)                  OT1/cmr/bx/n --> OT1/pxr/m/n on input line 21.
LaTeX Font Info:    Overwriting symbol font `operators' in version `bold'
(Font)                  OT1/pxr/m/n --> OT1/pxr/bx/n on input line 22.
\symitalic=\mathgroup6
LaTeX Font Info:    Overwriting symbol font `italic' in version `bold'
(Font)                  OT1/pxr/m/it --> OT1/pxr/bx/it on input line 26.
LaTeX Font Info:    Redeclaring math alphabet \mathbf on input line 29.
LaTeX Font Info:    Overwriting math alphabet `\mathbf' in version `normal'
(Font)                  OT1/cmr/bx/n --> OT1/pxr/bx/n on input line 29.
LaTeX Font Info:    Overwriting math alphabet `\mathbf' in version `bold'
(Font)                  OT1/cmr/bx/n --> OT1/pxr/bx/n on input line 29.
LaTeX Font Info:    Redeclaring math alphabet \mathit on input line 30.
LaTeX Font Info:    Overwriting math alphabet `\mathit' in version `normal'
(Font)                  OT1/cmr/m/it --> OT1/pxr/m/it on input line 30.
LaTeX Font Info:    Overwriting math alphabet `\mathit' in version `bold'
(Font)                  OT1/cmr/bx/it --> OT1/pxr/m/it on input line 30.
LaTeX Font Info:    Overwriting math alphabet `\mathit' in version `bold'
(Font)                  OT1/pxr/m/it --> OT1/pxr/bx/it on input line 31.
LaTeX Font Info:    Redeclaring math alphabet \mathsf on input line 40.
LaTeX Font Info:    Overwriting math alphabet `\mathsf' in version `normal'
(Font)                  OT1/cmss/m/n --> OT1/pxss/m/n on input line 40.
LaTeX Font Info:    Overwriting math alphabet `\mathsf' in version `bold'
(Font)                  OT1/cmss/bx/n --> OT1/pxss/m/n on input line 40.
LaTeX Font Info:    Overwriting math alphabet `\mathsf' in version `bold'
(Font)                  OT1/pxss/m/n --> OT1/pxss/b/n on input line 41.
LaTeX Font Info:    Redeclaring math alphabet \mathtt on input line 50.
LaTeX Font Info:    Overwriting math alphabet `\mathtt' in version `normal'
(Font)                  OT1/cmtt/m/n --> OT1/pxtt/m/n on input line 50.
LaTeX Font Info:    Overwriting math alphabet `\mathtt' in version `bold'
(Font)                  OT1/cmtt/m/n --> OT1/pxtt/m/n on input line 50.
LaTeX Font Info:    Overwriting math alphabet `\mathtt' in version `bold'
(Font)                  OT1/pxtt/m/n --> OT1/pxtt/b/n on input line 51.
LaTeX Font Info:    Redeclaring symbol font `letters' on input line 58.
LaTeX Font Info:    Overwriting symbol font `letters' in version `normal'
(Font)                  OML/cmm/m/it --> OML/pxmi/m/it on input line 58.
LaTeX Font Info:    Overwriting symbol font `letters' in version `bold'
(Font)                  OML/cmm/b/it --> OML/pxmi/m/it on input line 58.
LaTeX Font Info:    Overwriting symbol font `letters' in version `bold'
(Font)                  OML/pxmi/m/it --> OML/pxmi/bx/it on input line 59.
\symlettersA=\mathgroup7
LaTeX Font Info:    Overwriting symbol font `lettersA' in version `bold'
(Font)                  U/pxmia/m/it --> U/pxmia/bx/it on input line 67.
LaTeX Font Info:    Redeclaring math alphabet \mathfrak on input line 70.
LaTeX Font Info:    Redeclaring symbol font `symbols' on input line 77.
LaTeX Font Info:    Overwriting symbol font `symbols' in version `normal'
(Font)                  OMS/cmsy/m/n --> OMS/pxsy/m/n on input line 77.
LaTeX Font Info:    Overwriting symbol font `symbols' in version `bold'
(Font)                  OMS/cmsy/b/n --> OMS/pxsy/m/n on input line 77.
LaTeX Font Info:    Overwriting symbol font `symbols' in version `bold'
(Font)                  OMS/pxsy/m/n --> OMS/pxsy/bx/n on input line 78.
LaTeX Font Info:    Redeclaring symbol font `AMSa' on input line 93.
LaTeX Font Info:    Overwriting symbol font `AMSa' in version `normal'
(Font)                  U/msa/m/n --> U/pxsya/m/n on input line 93.
LaTeX Font Info:    Overwriting symbol font `AMSa' in version `bold'
(Font)                  U/msa/m/n --> U/pxsya/m/n on input line 93.
LaTeX Font Info:    Overwriting symbol font `AMSa' in version `bold'
(Font)                  U/pxsya/m/n --> U/pxsya/bx/n on input line 94.
LaTeX Font Info:    Redeclaring symbol font `AMSb' on input line 102.
LaTeX Font Info:    Overwriting symbol font `AMSb' in version `normal'
(Font)                  U/msb/m/n --> U/pxsyb/m/n on input line 102.
LaTeX Font Info:    Overwriting symbol font `AMSb' in version `bold'
(Font)                  U/msb/m/n --> U/pxsyb/m/n on input line 102.
LaTeX Font Info:    Overwriting symbol font `AMSb' in version `bold'
(Font)                  U/pxsyb/m/n --> U/pxsyb/bx/n on input line 103.
\symsymbolsC=\mathgroup8
LaTeX Font Info:    Overwriting symbol font `symbolsC' in version `bold'
(Font)                  U/pxsyc/m/n --> U/pxsyc/bx/n on input line 113.
LaTeX Font Info:    Redeclaring symbol font `largesymbols' on input line 120.
LaTeX Font Info:    Overwriting symbol font `largesymbols' in version `normal'
(Font)                  OMX/cmex/m/n --> OMX/pxex/m/n on input line 120.
LaTeX Font Info:    Overwriting symbol font `largesymbols' in version `bold'
(Font)                  OMX/cmex/m/n --> OMX/pxex/m/n on input line 120.
LaTeX Font Info:    Overwriting symbol font `largesymbols' in version `bold'
(Font)                  OMX/pxex/m/n --> OMX/pxex/bx/n on input line 121.
\symlargesymbolsA=\mathgroup9
LaTeX Font Info:    Overwriting symbol font `largesymbolsA' in version `bold'
(Font)                  U/pxexa/m/n --> U/pxexa/bx/n on input line 129.
LaTeX Info: Redefining \not on input line 997.
LaTeX Info: Redefining \textsquare on input line 1017.
LaTeX Info: Redefining \openbox on input line 1018.
)
("C:\Users\EQUIPO 1\AppData\Roaming\MiKTeX\2.9\tex\latex\eulervm\eulervm.sty"
Package: eulervm 2005/01/11 v4.0 (WaS)
)
("C:\Users\EQUIPO 1\AppData\Roaming\MiKTeX\2.9\tex\latex\movie15\movie15.sty"
Package: movie15 2012/05/16

("C:\Program Files\MiKTeX 2.9\tex\latex\oberdiek\ifdraft.sty"
Package: ifdraft 2016/05/16 v1.4 Detect class options draft and final (HO)
)
\@MXV@page=\count357
\@MXV@adict=\count358
\@MXV@aadict=\count359
\@MXV@includes=\count360
\@MXV@players=\count361
\@MXV@links=\count362
\@MXV@width=\dimen267
\@MXV@height=\dimen268
\@MXV@depth=\dimen269
\@MXV@totalheight=\dimen270
\@MXV@@boxdepth=\dimen271
\@MXV@traiselen=\dimen272
\@MXV@braiselen=\dimen273
\@MXV@start=\dimen274
\@MXV@end=\dimen275
\@MXV@textbox=\box55
)
\caja=\box56
\c@definicion=\count363
\c@teorema=\count364
\c@proposicion=\count365
\c@demostracion=\count366
Package biblatex Info: Trying to load language 'spanish'...
Package biblatex Info: ... file 'spanish.lbx' found.

("C:\Users\EQUIPO 1\AppData\Roaming\MiKTeX\2.9\tex\latex\biblatex\lbx\spanish.l
bx"
File: spanish.lbx 2017/12/19 v3.10 biblatex localization (PK/JW/AB)
)

Package biblatex Warning: 'babel/polyglossia' detected but 'csquotes' missing.
(biblatex)                Loading 'csquotes' recommended.

\@quotelevel=\count367
\@quotereset=\count368
(beamer_enciso_171206.aux
LaTeX Info: Redefining \sptext on input line 30.
LaTeX Info: Redefining \. on input line 30.
LaTeX Info: Redefining \% on input line 30.
)
\openout1 = `beamer_enciso_171206.aux'.

LaTeX Font Info:    Checking defaults for OML/pxmi/m/it on input line 144.
LaTeX Font Info:    Try loading font information for OML+pxmi on input line 144
.

("C:\Users\EQUIPO 1\AppData\Roaming\MiKTeX\2.9\tex\latex\pxfonts\omlpxmi.fd"
File: omlpxmi.fd 2000/12/14 v1.0
)
LaTeX Font Info:    ... okay on input line 144.
LaTeX Font Info:    Checking defaults for T1/cmr/m/n on input line 144.
LaTeX Font Info:    ... okay on input line 144.
LaTeX Font Info:    Checking defaults for OT1/cmr/m/n on input line 144.
LaTeX Font Info:    ... okay on input line 144.
LaTeX Font Info:    Checking defaults for OMS/pxsy/m/n on input line 144.
LaTeX Font Info:    Try loading font information for OMS+pxsy on input line 144
.

("C:\Users\EQUIPO 1\AppData\Roaming\MiKTeX\2.9\tex\latex\pxfonts\omspxsy.fd"
File: omspxsy.fd 2000/12/14 v1.0
)
LaTeX Font Info:    ... okay on input line 144.
LaTeX Font Info:    Checking defaults for OMX/pxex/m/n on input line 144.
LaTeX Font Info:    Try loading font information for OMX+pxex on input line 144
.

("C:\Users\EQUIPO 1\AppData\Roaming\MiKTeX\2.9\tex\latex\pxfonts\omxpxex.fd"
File: omxpxex.fd 2000/12/14 v1.0
)
LaTeX Font Info:    ... okay on input line 144.
LaTeX Font Info:    Checking defaults for U/pxexa/m/n on input line 144.
LaTeX Font Info:    Try loading font information for U+pxexa on input line 144.


("C:\Users\EQUIPO 1\AppData\Roaming\MiKTeX\2.9\tex\latex\pxfonts\upxexa.fd"
File: upxexa.fd 2000/12/14 v1.0
)
LaTeX Font Info:    ... okay on input line 144.
LaTeX Font Info:    Checking defaults for PD1/pdf/m/n on input line 144.
LaTeX Font Info:    ... okay on input line 144.
LaTeX Font Info:    Try loading font information for T1+pxr on input line 144.

("C:\Users\EQUIPO 1\AppData\Roaming\MiKTeX\2.9\tex\latex\pxfonts\t1pxr.fd"
File: t1pxr.fd 2000/12/14 v1.0
)
*geometry* driver: auto-detecting
*geometry* detected driver: pdftex
*geometry* verbose mode - [ preamble ] result:
* driver: pdftex
* paper: custom
* layout: <same size as paper>
* layoutoffset:(h,v)=(0.0pt,0.0pt)
* modes: includehead includefoot 
* h-part:(L,W,R)=(10.95003pt, 342.2953pt, 10.95003pt)
* v-part:(T,H,B)=(0.0pt, 273.14662pt, 0.0pt)
* \paperwidth=364.19536pt
* \paperheight=273.14662pt
* \textwidth=342.2953pt
* \textheight=244.6939pt
* \oddsidemargin=-61.31996pt
* \evensidemargin=-61.31996pt
* \topmargin=-72.26999pt
* \headheight=14.22636pt
* \headsep=0.0pt
* \topskip=11.0pt
* \footskip=14.22636pt
* \marginparwidth=4.0pt
* \marginparsep=10.0pt
* \columnsep=10.0pt
* \skip\footins=10.0pt plus 4.0pt minus 2.0pt
* \hoffset=0.0pt
* \voffset=0.0pt
* \mag=1000
* \@twocolumnfalse
* \@twosidefalse
* \@mparswitchfalse
* \@reversemarginfalse
* (1in=72.27pt=25.4mm, 1cm=28.453pt)

("C:\Users\EQUIPO 1\AppData\Roaming\MiKTeX\2.9\tex\context\base\supp-pdf.mkii"
[Loading MPS to PDF converter (version 2006.09.02).]
\scratchcounter=\count369
\scratchdimen=\dimen276
\scratchbox=\box57
\nofMPsegments=\count370
\nofMParguments=\count371
\everyMPshowfont=\toks49
\MPscratchCnt=\count372
\MPscratchDim=\dimen277
\MPnumerator=\count373
\makeMPintoPDFobject=\count374
\everyMPtoPDFconversion=\toks50
) ("C:\Program Files\MiKTeX 2.9\tex\latex\oberdiek\epstopdf-base.sty"
Package: epstopdf-base 2016/05/15 v2.6 Base part for package epstopdf

("C:\Program Files\MiKTeX 2.9\tex\latex\oberdiek\grfext.sty"
Package: grfext 2016/05/16 v1.2 Manage graphics extensions (HO)
)
Package epstopdf-base Info: Redefining graphics rule for `.eps' on input line 4
38.
Package grfext Info: Graphics extension search list:
(grfext)             [.pdf,.png,.jpg,.mps,.jpeg,.jbig2,.jb2,.PDF,.PNG,.JPG,.JPE
G,.JBIG2,.JB2,.eps]
(grfext)             \AppendGraphicsExtensions on input line 456.
)
ABD: EveryShipout initializing macros
\AtBeginShipoutBox=\box58
Package hyperref Info: Link coloring OFF on input line 144.

("C:\Program Files\MiKTeX 2.9\tex\latex\hyperref\nameref.sty"
Package: nameref 2016/05/21 v2.44 Cross-referencing by name of section

("C:\Program Files\MiKTeX 2.9\tex\generic\oberdiek\gettitlestring.sty"
Package: gettitlestring 2016/05/16 v1.5 Cleanup title references (HO)
)
\c@section@level=\count375
)
LaTeX Info: Redefining \ref on input line 144.
LaTeX Info: Redefining \pageref on input line 144.
LaTeX Info: Redefining \nameref on input line 144.

(beamer_enciso_171206.out) (beamer_enciso_171206.out)
\@outlinefile=\write7
\openout7 = `beamer_enciso_171206.out'.


("C:\Users\EQUIPO 1\AppData\Roaming\MiKTeX\2.9\tex\latex\translator\translator-
basic-dictionary-English.dict"
Dictionary: translator-basic-dictionary, Language: English 
)
("C:\Users\EQUIPO 1\AppData\Roaming\MiKTeX\2.9\tex\latex\translator\translator-
bibliography-dictionary-English.dict"
Dictionary: translator-bibliography-dictionary, Language: English 
)
("C:\Users\EQUIPO 1\AppData\Roaming\MiKTeX\2.9\tex\latex\translator\translator-
environment-dictionary-English.dict"
Dictionary: translator-environment-dictionary, Language: English 
)
("C:\Users\EQUIPO 1\AppData\Roaming\MiKTeX\2.9\tex\latex\translator\translator-
months-dictionary-English.dict"
Dictionary: translator-months-dictionary, Language: English 
)
("C:\Users\EQUIPO 1\AppData\Roaming\MiKTeX\2.9\tex\latex\translator\translator-
numbers-dictionary-English.dict"
Dictionary: translator-numbers-dictionary, Language: English 
)
("C:\Users\EQUIPO 1\AppData\Roaming\MiKTeX\2.9\tex\latex\translator\translator-
theorem-dictionary-English.dict"
Dictionary: translator-theorem-dictionary, Language: English 
)
LaTeX Info: Redefining \sptext on input line 144.
LaTeX Info: Redefining \. on input line 144.
LaTeX Info: Redefining \% on input line 144.
Package biblatex Info: Input encoding 'utf8' detected.
Package biblatex Info: Automatic encoding selection.
(biblatex)             Assuming data encoding 'utf8'.
Package biblatex Info: Input encoding 'utf8' specified.
Package biblatex Info: Data encoding 'utf8' specified.
(biblatex)             No need to reencode data.
\openout6 = `beamer_enciso_171206-blx.bib'.

Package biblatex Info: Trying to load bibliographic data...
Package biblatex Info: ... file 'beamer_enciso_171206.bbl' not found.

No file beamer_enciso_171206.bbl.
Package biblatex Info: Reference section=0 on input line 144.
Package biblatex Info: Reference segment=0 on input line 144.
\c@lstlisting=\count376
(beamer_enciso_171206.nav) [1

{C:/Users/EQUIPO 1/AppData/Local/MiKTeX/2.9/pdftex/config/pdftex.map}]
LaTeX Font Info:    Try loading font information for U+zeur on input line 186.

("C:\Users\EQUIPO 1\AppData\Roaming\MiKTeX\2.9\tex\latex\eulervm\uzeur.fd"
File: uzeur.fd 2005/01/11 v4.0 (WaS)
)
LaTeX Font Info:    Try loading font information for U+zeus on input line 186.

("C:\Users\EQUIPO 1\AppData\Roaming\MiKTeX\2.9\tex\latex\eulervm\uzeus.fd"
File: uzeus.fd 2005/01/11 v4.0 (WaS)
)
LaTeX Font Info:    Try loading font information for U+zeuex on input line 186.


("C:\Users\EQUIPO 1\AppData\Roaming\MiKTeX\2.9\tex\latex\eulervm\uzeuex.fd"
File: uzeuex.fd 2005/01/11 v4.0 (WaS)
)
LaTeX Font Info:    Try loading font information for U+pxsya on input line 186.


("C:\Users\EQUIPO 1\AppData\Roaming\MiKTeX\2.9\tex\latex\pxfonts\upxsya.fd"
File: upxsya.fd 2000/12/14 v1.0
)
LaTeX Font Info:    Try loading font information for U+pxsyb on input line 186.


("C:\Users\EQUIPO 1\AppData\Roaming\MiKTeX\2.9\tex\latex\pxfonts\upxsyb.fd"
File: utxsyb.fd 2000/12/14 v1.0
)
LaTeX Font Info:    Try loading font information for OT1+pxr on input line 186.


("C:\Users\EQUIPO 1\AppData\Roaming\MiKTeX\2.9\tex\latex\pxfonts\ot1pxr.fd"
File: ot1pxr.fd 2000/12/14 v1.0
)
LaTeX Font Info:    Try loading font information for U+pxmia on input line 186.


("C:\Users\EQUIPO 1\AppData\Roaming\MiKTeX\2.9\tex\latex\pxfonts\upxmia.fd"
File: upxmia.fd 2000/12/14 v1.0
)
LaTeX Font Info:    Try loading font information for U+pxsyc on input line 186.


("C:\Users\EQUIPO 1\AppData\Roaming\MiKTeX\2.9\tex\latex\pxfonts\upxsyc.fd"
File: upxsyc.fd 2000/12/14 v1.0
)

LaTeX Warning: Citation 'Censo10' on page 2 undefined on input line 186.


LaTeX Warning: Citation 'Intercensal15' on page 2 undefined on input line 186.


LaTeX Warning: Citation 'Miyata13' on page 2 undefined on input line 186.


LaTeX Warning: Citation 'Brayet16' on page 2 undefined on input line 186.


LaTeX Warning: Citation 'VazquezTagle16' on page 2 undefined on input line 186.


[2

]

LaTeX Warning: Citation 'DCM5' on page 3 undefined on input line 217.

[3

] [4

] [5

]
<./img_diagramas/cerebro_zonas_limpio.pdf, id=101, 429.3521pt x 221.64696pt>
File: ./img_diagramas/cerebro_zonas_limpio.pdf Graphic file (type pdf)
<use ./img_diagramas/cerebro_zonas_limpio.pdf>
Package pdftex.def Info: ./img_diagramas/cerebro_zonas_limpio.pdf  used on inpu
t line 258.
(pdftex.def)             Requested size: 308.06367pt x 159.03441pt.
 [6

 <./img_diagramas/cerebro_zonas_limpio.pdf>]
<./img_diagramas/cabeza_proporcionada_color_v4.pdf, id=116, 429.3521pt x 221.64
696pt>
File: ./img_diagramas/cabeza_proporcionada_color_v4.pdf Graphic file (type pdf)

<use ./img_diagramas/cabeza_proporcionada_color_v4.pdf>
Package pdftex.def Info: ./img_diagramas/cabeza_proporcionada_color_v4.pdf  use
d on input line 266.
(pdftex.def)             Requested size: 308.06367pt x 159.03441pt.
 [7

 <./img_diagramas/cabeza_proporcionada_color_v4.pdf>]
<./img_diagramas/emg_eog_v4.pdf, id=138, 429.29062pt x 173.47646pt>
File: ./img_diagramas/emg_eog_v4.pdf Graphic file (type pdf)
<use ./img_diagramas/emg_eog_v4.pdf>
Package pdftex.def Info: ./img_diagramas/emg_eog_v4.pdf  used on input line 274
.
(pdftex.def)             Requested size: 308.06367pt x 124.49pt.
 [8

 <./img_diagramas/emg_eog_v4.pdf>]
<./img_ejemplos/MJNN_epoca_stam.pdf, id=196, 433.62pt x 252.945pt>
File: ./img_ejemplos/MJNN_epoca_stam.pdf Graphic file (type pdf)
<use ./img_ejemplos/MJNN_epoca_stam.pdf>
Package pdftex.def Info: ./img_ejemplos/MJNN_epoca_stam.pdf  used on input line
 283.
(pdftex.def)             Requested size: 308.06367pt x 179.71185pt.

[9

 <./img_ejemplos/MJNN_epoca_stam.pdf>] [10

] [11

] [12

] [13

]

LaTeX Warning: Citation 'Priestley65' on page 14 undefined on input line 373.

[14

] [15

] [16

] [17

] [18

]
<./img_art_dfa/cabeza_new_VCR_30.pdf, id=278, 79.66771pt x 87.06543pt>
File: ./img_art_dfa/cabeza_new_VCR_30.pdf Graphic file (type pdf)
<use ./img_art_dfa/cabeza_new_VCR_30.pdf>
Package pdftex.def Info: ./img_art_dfa/cabeza_new_VCR_30.pdf  used on input lin
e 501.
(pdftex.def)             Requested size: 51.3422pt x 56.11092pt.
<./img_art_dfa/cabeza_new_MJH_30.pdf, id=279, 79.66771pt x 87.06543pt>
File: ./img_art_dfa/cabeza_new_MJH_30.pdf Graphic file (type pdf)
<use ./img_art_dfa/cabeza_new_MJH_30.pdf>
Package pdftex.def Info: ./img_art_dfa/cabeza_new_MJH_30.pdf  used on input lin
e 501.
(pdftex.def)             Requested size: 51.3422pt x 56.11092pt.
<./img_art_dfa/cabeza_new_JAE_30.pdf, id=280, 79.66771pt x 87.06543pt>
File: ./img_art_dfa/cabeza_new_JAE_30.pdf Graphic file (type pdf)
<use ./img_art_dfa/cabeza_new_JAE_30.pdf>
Package pdftex.def Info: ./img_art_dfa/cabeza_new_JAE_30.pdf  used on input lin
e 501.
(pdftex.def)             Requested size: 51.3422pt x 56.11092pt.
<./img_art_dfa/cabeza_new_GHA_30.pdf, id=281, 79.66771pt x 87.06543pt>
File: ./img_art_dfa/cabeza_new_GHA_30.pdf Graphic file (type pdf)
<use ./img_art_dfa/cabeza_new_GHA_30.pdf>
Package pdftex.def Info: ./img_art_dfa/cabeza_new_GHA_30.pdf  used on input lin
e 501.
(pdftex.def)             Requested size: 51.3422pt x 56.11092pt.
<./img_art_dfa/cabeza_new_MFGR_30.pdf, id=282, 79.66771pt x 87.06543pt>
File: ./img_art_dfa/cabeza_new_MFGR_30.pdf Graphic file (type pdf)
<use ./img_art_dfa/cabeza_new_MFGR_30.pdf>
Package pdftex.def Info: ./img_art_dfa/cabeza_new_MFGR_30.pdf  used on input li
ne 501.
(pdftex.def)             Requested size: 51.3422pt x 56.11092pt.
<./img_art_dfa/cabeza_new_CLO_30.pdf, id=283, 79.66771pt x 87.06543pt>
File: ./img_art_dfa/cabeza_new_CLO_30.pdf Graphic file (type pdf)
<use ./img_art_dfa/cabeza_new_CLO_30.pdf>
Package pdftex.def Info: ./img_art_dfa/cabeza_new_CLO_30.pdf  used on input lin
e 501.
(pdftex.def)             Requested size: 51.3422pt x 56.11092pt.
<./img_art_dfa/cabeza_new_RLO_30.pdf, id=284, 79.66771pt x 87.06543pt>
File: ./img_art_dfa/cabeza_new_RLO_30.pdf Graphic file (type pdf)
<use ./img_art_dfa/cabeza_new_RLO_30.pdf>
Package pdftex.def Info: ./img_art_dfa/cabeza_new_RLO_30.pdf  used on input lin
e 501.
(pdftex.def)             Requested size: 51.3422pt x 56.11092pt.
<./img_art_dfa/cabeza_new_RRU_30.pdf, id=285, 79.66771pt x 87.06543pt>
File: ./img_art_dfa/cabeza_new_RRU_30.pdf Graphic file (type pdf)
<use ./img_art_dfa/cabeza_new_RRU_30.pdf>
Package pdftex.def Info: ./img_art_dfa/cabeza_new_RRU_30.pdf  used on input lin
e 501.
(pdftex.def)             Requested size: 51.3422pt x 56.11092pt.
<./img_art_dfa/cabeza_new_JGZ_30.pdf, id=286, 79.66771pt x 87.06543pt>
File: ./img_art_dfa/cabeza_new_JGZ_30.pdf Graphic file (type pdf)
<use ./img_art_dfa/cabeza_new_JGZ_30.pdf>
Package pdftex.def Info: ./img_art_dfa/cabeza_new_JGZ_30.pdf  used on input lin
e 501.
(pdftex.def)             Requested size: 51.3422pt x 56.11092pt.
<./img_art_dfa/cabeza_new_AEFP_30.pdf, id=287, 79.66771pt x 87.06543pt>
File: ./img_art_dfa/cabeza_new_AEFP_30.pdf Graphic file (type pdf)
<use ./img_art_dfa/cabeza_new_AEFP_30.pdf>
Package pdftex.def Info: ./img_art_dfa/cabeza_new_AEFP_30.pdf  used on input li
ne 501.
(pdftex.def)             Requested size: 51.3422pt x 56.11092pt.
 [19

 <./img_art_dfa/cabeza_new_VCR_30.pdf> <./img_art_dfa/cabeza_new_MJH_30.pdf

pdfTeX warning: pdflatex (file ./img_art_dfa/cabeza_new_MJH_30.pdf): PDF inclus
ion: multiple pdfs with page group included in a single page
> <./img_art_dfa/cabeza_new_JAE_30.pdf

pdfTeX warning: pdflatex (file ./img_art_dfa/cabeza_new_JAE_30.pdf): PDF inclus
ion: multiple pdfs with page group included in a single page
> <./img_art_dfa/cabeza_new_GHA_30.pdf

pdfTeX warning: pdflatex (file ./img_art_dfa/cabeza_new_GHA_30.pdf): PDF inclus
ion: multiple pdfs with page group included in a single page
> <./img_art_dfa/cabeza_new_MFGR_30.pdf

pdfTeX warning: pdflatex (file ./img_art_dfa/cabeza_new_MFGR_30.pdf): PDF inclu
sion: multiple pdfs with page group included in a single page
> <./img_art_dfa/cabeza_new_CLO_30.pdf

pdfTeX warning: pdflatex (file ./img_art_dfa/cabeza_new_CLO_30.pdf): PDF inclus
ion: multiple pdfs with page group included in a single page
> <./img_art_dfa/cabeza_new_RLO_30.pdf

pdfTeX warning: pdflatex (file ./img_art_dfa/cabeza_new_RLO_30.pdf): PDF inclus
ion: multiple pdfs with page group included in a single page
> <./img_art_dfa/cabeza_new_RRU_30.pdf

pdfTeX warning: pdflatex (file ./img_art_dfa/cabeza_new_RRU_30.pdf): PDF inclus
ion: multiple pdfs with page group included in a single page
> <./img_art_dfa/cabeza_new_JGZ_30.pdf

pdfTeX warning: pdflatex (file ./img_art_dfa/cabeza_new_JGZ_30.pdf): PDF inclus
ion: multiple pdfs with page group included in a single page
> <./img_art_dfa/cabeza_new_AEFP_30.pdf

pdfTeX warning: pdflatex (file ./img_art_dfa/cabeza_new_AEFP_30.pdf): PDF inclu
sion: multiple pdfs with page group included in a single page
>]
<./img_art_dfa/Comparacion_gpos_CTL_PDC_v3.pdf, id=306, 433.62pt x 361.35pt>
File: ./img_art_dfa/Comparacion_gpos_CTL_PDC_v3.pdf Graphic file (type pdf)
<use ./img_art_dfa/Comparacion_gpos_CTL_PDC_v3.pdf>
Package pdftex.def Info: ./img_art_dfa/Comparacion_gpos_CTL_PDC_v3.pdf  used on
 input line 513.
(pdftex.def)             Requested size: 273.83728pt x 228.20859pt.

Overfull \vbox (10.90962pt too high) detected at line 513
 []

[20

 <./img_art_dfa/Comparacion_gpos_CTL_PDC_v3.pdf>]
<./img_art_dfa/Comparacion_gpos_MOR_NMOR_v3.pdf, id=319, 433.62pt x 361.35pt>
File: ./img_art_dfa/Comparacion_gpos_MOR_NMOR_v3.pdf Graphic file (type pdf)
<use ./img_art_dfa/Comparacion_gpos_MOR_NMOR_v3.pdf>
Package pdftex.def Info: ./img_art_dfa/Comparacion_gpos_MOR_NMOR_v3.pdf  used o
n input line 522.
(pdftex.def)             Requested size: 273.83728pt x 228.20859pt.

Overfull \vbox (10.90962pt too high) detected at line 522
 []

[21

 <./img_art_dfa/Comparacion_gpos_MOR_NMOR_v3.pdf>]
<./img_art_dfa/zoom_noVCR_v2.png, id=332, 433.62pt x 289.08pt>
File: ./img_art_dfa/zoom_noVCR_v2.png Graphic file (type png)
<use ./img_art_dfa/zoom_noVCR_v2.png>
Package pdftex.def Info: ./img_art_dfa/zoom_noVCR_v2.png  used on input line 53
2.
(pdftex.def)             Requested size: 325.17949pt x 216.79622pt.
 [22

 <./img_art_dfa/zoom_noVCR_v2.png>]
<./img_art_dfa/zoom_siVCR_v2.png, id=341, 433.62pt x 289.08pt>
File: ./img_art_dfa/zoom_siVCR_v2.png Graphic file (type png)
<use ./img_art_dfa/zoom_siVCR_v2.png>
Package pdftex.def Info: ./img_art_dfa/zoom_siVCR_v2.png  used on input line 54
0.
(pdftex.def)             Requested size: 325.17949pt x 216.79622pt.
 [23

 <./img_art_dfa/zoom_siVCR_v2.png>]
<./img_ejemplos/zoom_VCR.pdf, id=349, 682.86612pt x 497.92322pt>
File: ./img_ejemplos/zoom_VCR.pdf Graphic file (type pdf)
<use ./img_ejemplos/zoom_VCR.pdf>
Package pdftex.def Info: ./img_ejemplos/zoom_VCR.pdf  used on input line 559.
(pdftex.def)             Requested size: 102.68962pt x 74.8752pt.
<./img_ejemplos/zoom_MJH.pdf, id=350, 682.86612pt x 497.92322pt>
File: ./img_ejemplos/zoom_MJH.pdf Graphic file (type pdf)
<use ./img_ejemplos/zoom_MJH.pdf>
Package pdftex.def Info: ./img_ejemplos/zoom_MJH.pdf  used on input line 559.
(pdftex.def)             Requested size: 102.68962pt x 74.8752pt.
<./img_ejemplos/zoom_JAE.pdf, id=351, 682.86612pt x 497.92322pt>
File: ./img_ejemplos/zoom_JAE.pdf Graphic file (type pdf)
<use ./img_ejemplos/zoom_JAE.pdf>
Package pdftex.def Info: ./img_ejemplos/zoom_JAE.pdf  used on input line 559.
(pdftex.def)             Requested size: 102.68962pt x 74.8752pt.
<./img_ejemplos/zoom_GHA.pdf, id=352, 682.86612pt x 497.92322pt>
File: ./img_ejemplos/zoom_GHA.pdf Graphic file (type pdf)
<use ./img_ejemplos/zoom_GHA.pdf>
Package pdftex.def Info: ./img_ejemplos/zoom_GHA.pdf  used on input line 559.
(pdftex.def)             Requested size: 102.68962pt x 74.8752pt.
<./img_ejemplos/zoom_MFGR.pdf, id=353, 682.86612pt x 497.92322pt>
File: ./img_ejemplos/zoom_MFGR.pdf Graphic file (type pdf)
<use ./img_ejemplos/zoom_MFGR.pdf>
Package pdftex.def Info: ./img_ejemplos/zoom_MFGR.pdf  used on input line 559.
(pdftex.def)             Requested size: 102.68962pt x 74.8752pt.
 [24

 <./img_ejemplos/zoom_VCR.pdf> <./img_ejemplos/zoom_MJH.pdf

pdfTeX warning: pdflatex (file ./img_ejemplos/zoom_MJH.pdf): PDF inclusion: mul
tiple pdfs with page group included in a single page
> <./img_ejemplos/zoom_JAE.pdf

pdfTeX warning: pdflatex (file ./img_ejemplos/zoom_JAE.pdf): PDF inclusion: mul
tiple pdfs with page group included in a single page
> <./img_ejemplos/zoom_GHA.pdf

pdfTeX warning: pdflatex (file ./img_ejemplos/zoom_GHA.pdf): PDF inclusion: mul
tiple pdfs with page group included in a single page
> <./img_ejemplos/zoom_MFGR.pdf

pdfTeX warning: pdflatex (file ./img_ejemplos/zoom_MFGR.pdf): PDF inclusion: mu
ltiple pdfs with page group included in a single page
>]
<./img_art_dfa/VCNNS1_espectral_total.png, id=386, 650.43pt x 867.24pt>
File: ./img_art_dfa/VCNNS1_espectral_total.png Graphic file (type png)
<use ./img_art_dfa/VCNNS1_espectral_total.png>
Package pdftex.def Info: ./img_art_dfa/VCNNS1_espectral_total.png  used on inpu
t line 568.
(pdftex.def)             Requested size: 188.26346pt x 251.01677pt.

Overfull \vbox (33.7178pt too high) detected at line 568
 []

[25

 <./img_art_dfa/VCNNS1_espectral_total.png (PNG copy)>]
<./img_diagramas/epocas_diferentes_v3.pdf, id=394, 433.62pt x 397.485pt>
File: ./img_diagramas/epocas_diferentes_v3.pdf Graphic file (type pdf)
<use ./img_diagramas/epocas_diferentes_v3.pdf>
Package pdftex.def Info: ./img_diagramas/epocas_diferentes_v3.pdf  used on inpu
t line 577.
(pdftex.def)             Requested size: 239.60567pt x 219.64243pt.

Overfull \vbox (2.34346pt too high) detected at line 577
 []

[26

 <./img_diagramas/epocas_diferentes_v3.pdf>]
<./img_art_dfa/zoom_emergencia_VCR_120.png, id=569, 433.62pt x 289.08pt>
File: ./img_art_dfa/zoom_emergencia_VCR_120.png Graphic file (type png)
<use ./img_art_dfa/zoom_emergencia_VCR_120.png>
Package pdftex.def Info: ./img_art_dfa/zoom_emergencia_VCR_120.png  used on inp
ut line 590.
(pdftex.def)             Requested size: 308.06367pt x 205.38496pt.
 [27

 <./img_art_dfa/zoom_emergencia_VCR_120.png (PNG copy)>]
<./img_art_dfa/zoom_emergencia_VCR_30.png, id=576, 433.62pt x 289.08pt>
File: ./img_art_dfa/zoom_emergencia_VCR_30.png Graphic file (type png)
<use ./img_art_dfa/zoom_emergencia_VCR_30.png>
Package pdftex.def Info: ./img_art_dfa/zoom_emergencia_VCR_30.png  used on inpu
t line 598.
(pdftex.def)             Requested size: 308.06367pt x 205.38496pt.
 [28

 <./img_art_dfa/zoom_emergencia_VCR_30.png (PNG copy)>]
<./img_art_dfa/zoom_emergencia_VCR_7_5.png, id=583, 433.62pt x 289.08pt>
File: ./img_art_dfa/zoom_emergencia_VCR_7_5.png Graphic file (type png)
<use ./img_art_dfa/zoom_emergencia_VCR_7_5.png>
Package pdftex.def Info: ./img_art_dfa/zoom_emergencia_VCR_7_5.png  used on inp
ut line 606.
(pdftex.def)             Requested size: 308.06367pt x 205.38496pt.
 [29

 <./img_art_dfa/zoom_emergencia_VCR_7_5.png (PNG copy)>]
<./img_art_dfa/VCNNS1_comp_est_.png, id=590, 433.62pt x 578.16pt>
File: ./img_art_dfa/VCNNS1_comp_est_.png Graphic file (type png)
<use ./img_art_dfa/VCNNS1_comp_est_.png>
Package pdftex.def Info: ./img_art_dfa/VCNNS1_comp_est_.png  used on input line
 614.
(pdftex.def)             Requested size: 188.26346pt x 251.02118pt.

Overfull \vbox (33.72221pt too high) detected at line 614
 []

[30

 <./img_art_dfa/VCNNS1_comp_est_.png>]
<./img_resultados/cabeza_VCR.pdf, id=598, 433.62pt x 469.755pt>
File: ./img_resultados/cabeza_VCR.pdf Graphic file (type pdf)
<use ./img_resultados/cabeza_VCR.pdf>
Package pdftex.def Info: ./img_resultados/cabeza_VCR.pdf  used on input line 62
3.
(pdftex.def)             Requested size: 188.26346pt x 203.95471pt.
 [31

 <./img_resultados/cabeza_VCR.pdf>] [32

]
<frase.png, id=761, 473.48895pt x 576.4737pt>
File: frase.png Graphic file (type png)
<use frase.png>
Package pdftex.def Info: frase.png  used on input line 684.
(pdftex.def)             Requested size: 119.80544pt x 145.85973pt.

Overfull \vbox (0.64075pt too high) detected at line 684
 []

[33

 <./frase.png>]
\tf@nav=\write8
\openout8 = `beamer_enciso_171206.nav'.

\tf@toc=\write9
\openout9 = `beamer_enciso_171206.toc'.

\tf@snm=\write10
\openout10 = `beamer_enciso_171206.snm'.



Package movie15 Warning: @@@@@@@@@@@@@@@@@@@@@@@@@@@@@@@@@@@@@@@
(movie15)                @@ Package `movie15' is obsolete and @@
(movie15)                @@ superseded by `media9'.           @@
(movie15)                @@@@@@@@@@@@@@@@@@@@@@@@@@@@@@@@@@@@@@@.

Package atveryend Info: Empty hook `BeforeClearDocument' on input line 688.
Package atveryend Info: Empty hook `AfterLastShipout' on input line 688.
(beamer_enciso_171206.aux
LaTeX Info: Redefining \sptext on input line 30.
LaTeX Info: Redefining \. on input line 30.
LaTeX Info: Redefining \% on input line 30.
)
Package atveryend Info: Executing hook `AtVeryEndDocument' on input line 688.
Package atveryend Info: Executing hook `AtEndAfterFileList' on input line 688.
Package rerunfilecheck Info: File `beamer_enciso_171206.out' has not changed.
(rerunfilecheck)             Checksum: 6103557D9ADC76156CCD68E97711BFF4;593.


LaTeX Warning: There were undefined references.


Package biblatex Warning: Please (re)run BibTeX on the file(s):
(biblatex)                beamer_enciso_171206
(biblatex)                and rerun LaTeX afterwards.

Package logreq Info: Writing requests to 'beamer_enciso_171206.run.xml'.
\openout1 = `beamer_enciso_171206.run.xml'.

 ) 
Here is how much of TeX's memory you used:
 27460 strings out of 493307
 506220 string characters out of 3138812
 779888 words of memory out of 3000000
 30298 multiletter control sequences out of 15000+200000
 51529 words of font info for 136 fonts, out of 3000000 for 9000
 1141 hyphenation exceptions out of 8191
 48i,15n,57p,806b,1757s stack positions out of 5000i,500n,10000p,200000b,50000s
{C:/Program Files/MiKTeX 2.9/fonts/enc/dvips/base/8r.enc}<C:/Program Files/Mi
KTeX 2.9/fonts/type1/public/amsfonts/cm/cmex10.pfb><C:/Program Files/MiKTeX 2.9
/fonts/type1/public/amsfonts/cm/cmsy10.pfb><C:/Program Files/MiKTeX 2.9/fonts/t
ype1/public/amsfonts/cm/cmsy7.pfb><C:/Program Files/MiKTeX 2.9/fonts/type1/publ
ic/amsfonts/euler/euex10.pfb><C:/Program Files/MiKTeX 2.9/fonts/type1/public/am
sfonts/euler/eufm10.pfb><C:/Program Files/MiKTeX 2.9/fonts/type1/public/amsfont
s/euler/eufm7.pfb><C:/Program Files/MiKTeX 2.9/fonts/type1/public/amsfonts/eule
r/eurm10.pfb><C:/Program Files/MiKTeX 2.9/fonts/type1/public/amsfonts/euler/eur
m7.pfb><C:/Program Files/MiKTeX 2.9/fonts/type1/public/amsfonts/euler/eusm10.pf
b><C:/Program Files/MiKTeX 2.9/fonts/type1/public/amsfonts/symbols/msam10.pfb><
C:/Users/EQUIPO 1/AppData/Roaming/MiKTeX/2.9/fonts/type1/public/pxfonts/pxsyb.p
fb><C:/Users/EQUIPO 1/AppData/Roaming/MiKTeX/2.9/fonts/type1/public/pxfonts/pxs
yc.pfb><C:/Users/EQUIPO 1/AppData/Roaming/MiKTeX/2.9/fonts/type1/public/pxfonts
/rpxr.pfb><C:/Program Files/MiKTeX 2.9/fonts/type1/urw/palatino/uplb8a.pfb><C:/
Program Files/MiKTeX 2.9/fonts/type1/urw/palatino/uplr8a.pfb><C:/Program Files/
MiKTeX 2.9/fonts/type1/urw/palatino/uplri8a.pfb>
Output written on beamer_enciso_171206.pdf (33 pages, 7351510 bytes).
PDF statistics:
 838 PDF objects out of 1000 (max. 8388607)
 77 named destinations out of 1000 (max. 500000)
 320 words of extra memory for PDF output out of 10000 (max. 10000000)

