\BOOKMARK [0][-]{chapter*.6}{\315ndice de figuras}{}% 1
\BOOKMARK [0][-]{chapter*.7}{\315ndice de cuadros}{}% 2
\BOOKMARK [0][-]{chapter.1}{Introducci\363n}{}% 3
\BOOKMARK [1][-]{section.1.1}{Antecedentes}{chapter.1}% 4
\BOOKMARK [1][-]{section.1.2}{Pregunta de investigaci\363n}{chapter.1}% 5
\BOOKMARK [2][-]{subsection.1.2.1}{Hip\363tesis}{section.1.2}% 6
\BOOKMARK [2][-]{subsection.1.2.2}{Objetivo general}{section.1.2}% 7
\BOOKMARK [2][-]{subsection.1.2.3}{Objetivos espec\355ficos}{section.1.2}% 8
\BOOKMARK [0][-]{chapter.2}{Marco conceptual del problema}{}% 9
\BOOKMARK [1][-]{section.2.1}{Psicolog\355a}{chapter.2}% 10
\BOOKMARK [2][-]{subsection.2.1.1}{Psicometr\355a}{section.2.1}% 11
\BOOKMARK [1][-]{section.2.2}{Fisiolog\355a}{chapter.2}% 12
\BOOKMARK [2][-]{subsection.2.2.1}{Polisomnograf\355a}{section.2.2}% 13
\BOOKMARK [2][-]{subsection.2.2.2}{Estructura del sue\361o}{section.2.2}% 14
\BOOKMARK [0][-]{chapter.3}{Medida y frecuencia}{}% 15
\BOOKMARK [1][-]{section.3.1}{Variables aleatorias}{chapter.3}% 16
\BOOKMARK [1][-]{section.3.2}{Estacionariedad d\351bil}{chapter.3}% 17
\BOOKMARK [1][-]{section.3.3}{Transformada de Fourier}{chapter.3}% 18
\BOOKMARK [1][-]{section.3.4}{Funci\363n de densidad espectral}{chapter.3}% 19
\BOOKMARK [2][-]{subsection.3.4.1}{Unidades de tiempo y efecto alias}{section.3.4}% 20
\BOOKMARK [2][-]{subsection.3.4.2}{Filtros lineales}{section.3.4}% 21
\BOOKMARK [1][-]{section.3.5}{Estimadores}{chapter.3}% 22
\BOOKMARK [0][-]{chapter.4}{Espectro evolutivo}{}% 23
\BOOKMARK [1][-]{section.4.1}{Estimador de doble ventana}{chapter.4}% 24
\BOOKMARK [1][-]{section.4.2}{Prueba de Priestley-Subba Rao}{chapter.4}% 25
\BOOKMARK [0][-]{chapter.5}{Metodolog\355a}{}% 26
\BOOKMARK [1][-]{section.5.1}{Participantes}{chapter.5}% 27
\BOOKMARK [1][-]{section.5.2}{Registro del polisomnograma}{chapter.5}% 28
\BOOKMARK [1][-]{section.5.3}{Aplicaci\363n de la prueba de Priestley-Subba Rao}{chapter.5}% 29
\BOOKMARK [1][-]{section.5.4}{Espectro de potencias}{chapter.5}% 30
\BOOKMARK [0][-]{chapter.6}{Resultados}{}% 31
\BOOKMARK [1][-]{section.6.1}{Estacionariedad en sue\361o MOR}{chapter.6}% 32
\BOOKMARK [1][-]{section.6.2}{Discusi\363n}{chapter.6}% 33
\BOOKMARK [1][-]{section.6.3}{Conclusiones}{chapter.6}% 34
\BOOKMARK [1][-]{section.6.4}{Trabajo a futuro}{chapter.6}% 35
\BOOKMARK [0][-]{appendix.Alph1}{Compilados gr\341ficos}{}% 36
\BOOKMARK [0][-]{appendix*.41}{Bibliograf\355a}{}% 37
